[ 2017-12-13T14:17:06+08:00 ] ::1 /game/index.php/Home/Index/eidtThing
INFO: [ app_begin ] --START--
INFO: Run Behavior\ReadHtmlCacheBehavior [ RunTime:0.000458s ]
INFO: [ app_begin ] --END-- [ RunTime:0.000812s ]
NOTIC: [2] Declaration of Home\Controller\IndexController::show() should be compatible with Think\Controller::show($content, $charset = '', $contentType = '', $prefix = '') C:\web\Apache2.4\htdocs\game\Application\Home\Controller\IndexController.class.php 第 117 行.
SQL: SHOW COLUMNS FROM `admin` [ RunTime:0.0170s ]
SQL: UPDATE `admin` SET `state`='1',`id`='155' WHERE `id` = 155 [ RunTime:0.0523s ]

[ 2017-12-13T14:17:08+08:00 ] ::1 /game/index.php/Home/Index/eidtThing
INFO: [ app_begin ] --START--
INFO: Run Behavior\ReadHtmlCacheBehavior [ RunTime:0.000508s ]
INFO: [ app_begin ] --END-- [ RunTime:0.000907s ]
NOTIC: [2] Declaration of Home\Controller\IndexController::show() should be compatible with Think\Controller::show($content, $charset = '', $contentType = '', $prefix = '') C:\web\Apache2.4\htdocs\game\Application\Home\Controller\IndexController.class.php 第 117 行.
SQL: SHOW COLUMNS FROM `admin` [ RunTime:0.0033s ]
SQL: UPDATE `admin` SET `state`='1',`id`='107' WHERE `id` = 107 [ RunTime:0.1352s ]

[ 2017-12-13T14:17:10+08:00 ] ::1 /game/index.php/Home/Index/eidtThing
INFO: [ app_begin ] --START--
INFO: Run Behavior\ReadHtmlCacheBehavior [ RunTime:0.000464s ]
INFO: [ app_begin ] --END-- [ RunTime:0.000815s ]
NOTIC: [2] Declaration of Home\Controller\IndexController::show() should be compatible with Think\Controller::show($content, $charset = '', $contentType = '', $prefix = '') C:\web\Apache2.4\htdocs\game\Application\Home\Controller\IndexController.class.php 第 117 行.
SQL: SHOW COLUMNS FROM `admin` [ RunTime:0.0031s ]
SQL: UPDATE `admin` SET `state`='1',`id`='34' WHERE `id` = 34 [ RunTime:0.0505s ]

[ 2017-12-13T14:17:12+08:00 ] ::1 /game/index.php/Home/Index/eidtThing
INFO: [ app_begin ] --START--
INFO: Run Behavior\ReadHtmlCacheBehavior [ RunTime:0.000458s ]
INFO: [ app_begin ] --END-- [ RunTime:0.000773s ]
NOTIC: [2] Declaration of Home\Controller\IndexController::show() should be compatible with Think\Controller::show($content, $charset = '', $contentType = '', $prefix = '') C:\web\Apache2.4\htdocs\game\Application\Home\Controller\IndexController.class.php 第 117 行.
SQL: SHOW COLUMNS FROM `admin` [ RunTime:0.0319s ]
SQL: UPDATE `admin` SET `state`='1',`id`='13' WHERE `id` = 13 [ RunTime:0.0345s ]

[ 2017-12-13T14:17:14+08:00 ] ::1 /game/index.php/Home/Index/eidtThing
INFO: [ app_begin ] --START--
INFO: Run Behavior\ReadHtmlCacheBehavior [ RunTime:0.000475s ]
INFO: [ app_begin ] --END-- [ RunTime:0.000861s ]
NOTIC: [2] Declaration of Home\Controller\IndexController::show() should be compatible with Think\Controller::show($content, $charset = '', $contentType = '', $prefix = '') C:\web\Apache2.4\htdocs\game\Application\Home\Controller\IndexController.class.php 第 117 行.
SQL: SHOW COLUMNS FROM `admin` [ RunTime:0.0036s ]
SQL: UPDATE `admin` SET `state`='1',`id`='86' WHERE `id` = 86 [ RunTime:0.0487s ]

[ 2017-12-13T14:18:57+08:00 ] ::1 /game/index.php/Home/Index/eidtThing
INFO: [ app_begin ] --START--
INFO: Run Behavior\ReadHtmlCacheBehavior [ RunTime:0.000488s ]
INFO: [ app_begin ] --END-- [ RunTime:0.000853s ]
NOTIC: [2] Declaration of Home\Controller\IndexController::show() should be compatible with Think\Controller::show($content, $charset = '', $contentType = '', $prefix = '') C:\web\Apache2.4\htdocs\game\Application\Home\Controller\IndexController.class.php 第 117 行.
SQL: SHOW COLUMNS FROM `admin` [ RunTime:0.0047s ]
SQL: UPDATE `admin` SET `state`='1',`id`='90' WHERE `id` = 90 [ RunTime:0.0495s ]

[ 2017-12-13T14:18:59+08:00 ] ::1 /game/index.php/Home/Index/eidtThing
INFO: [ app_begin ] --START--
INFO: Run Behavior\ReadHtmlCacheBehavior [ RunTime:0.000538s ]
INFO: [ app_begin ] --END-- [ RunTime:0.000975s ]
NOTIC: [2] Declaration of Home\Controller\IndexController::show() should be compatible with Think\Controller::show($content, $charset = '', $contentType = '', $prefix = '') C:\web\Apache2.4\htdocs\game\Application\Home\Controller\IndexController.class.php 第 117 行.
SQL: SHOW COLUMNS FROM `admin` [ RunTime:0.0033s ]
SQL: UPDATE `admin` SET `state`='1',`id`='219' WHERE `id` = 219 [ RunTime:0.0454s ]

[ 2017-12-13T14:19:01+08:00 ] ::1 /game/index.php/Home/Index/eidtThing
INFO: [ app_begin ] --START--
INFO: Run Behavior\ReadHtmlCacheBehavior [ RunTime:0.000498s ]
INFO: [ app_begin ] --END-- [ RunTime:0.000903s ]
NOTIC: [2] Declaration of Home\Controller\IndexController::show() should be compatible with Think\Controller::show($content, $charset = '', $contentType = '', $prefix = '') C:\web\Apache2.4\htdocs\game\Application\Home\Controller\IndexController.class.php 第 117 行.
SQL: SHOW COLUMNS FROM `admin` [ RunTime:0.0039s ]
SQL: UPDATE `admin` SET `state`='1',`id`='196' WHERE `id` = 196 [ RunTime:0.0526s ]

[ 2017-12-13T14:19:03+08:00 ] ::1 /game/index.php/Home/Index/eidtThing
INFO: [ app_begin ] --START--
INFO: Run Behavior\ReadHtmlCacheBehavior [ RunTime:0.000929s ]
INFO: [ app_begin ] --END-- [ RunTime:0.001574s ]
NOTIC: [2] Declaration of Home\Controller\IndexController::show() should be compatible with Think\Controller::show($content, $charset = '', $contentType = '', $prefix = '') C:\web\Apache2.4\htdocs\game\Application\Home\Controller\IndexController.class.php 第 117 行.
SQL: SHOW COLUMNS FROM `admin` [ RunTime:0.0040s ]
SQL: UPDATE `admin` SET `state`='1',`id`='101' WHERE `id` = 101 [ RunTime:0.0820s ]

[ 2017-12-13T14:19:05+08:00 ] ::1 /game/index.php/Home/Index/eidtThing
INFO: [ app_begin ] --START--
INFO: Run Behavior\ReadHtmlCacheBehavior [ RunTime:0.000493s ]
INFO: [ app_begin ] --END-- [ RunTime:0.000896s ]
NOTIC: [2] Declaration of Home\Controller\IndexController::show() should be compatible with Think\Controller::show($content, $charset = '', $contentType = '', $prefix = '') C:\web\Apache2.4\htdocs\game\Application\Home\Controller\IndexController.class.php 第 117 行.
SQL: SHOW COLUMNS FROM `admin` [ RunTime:0.0036s ]
SQL: UPDATE `admin` SET `state`='1',`id`='15' WHERE `id` = 15 [ RunTime:0.0361s ]

[ 2017-12-13T14:20:31+08:00 ] ::1 /game/index.php/Home/Index/eidtThing
INFO: [ app_begin ] --START--
INFO: Run Behavior\ReadHtmlCacheBehavior [ RunTime:0.000474s ]
INFO: [ app_begin ] --END-- [ RunTime:0.000842s ]
NOTIC: [2] Declaration of Home\Controller\IndexController::show() should be compatible with Think\Controller::show($content, $charset = '', $contentType = '', $prefix = '') C:\web\Apache2.4\htdocs\game\Application\Home\Controller\IndexController.class.php 第 117 行.
SQL: SHOW COLUMNS FROM `admin` [ RunTime:0.0035s ]
SQL: UPDATE `admin` SET `state`='1',`id`='6' WHERE `id` = 6 [ RunTime:0.0586s ]

[ 2017-12-13T14:20:33+08:00 ] ::1 /game/index.php/Home/Index/eidtThing
INFO: [ app_begin ] --START--
INFO: Run Behavior\ReadHtmlCacheBehavior [ RunTime:0.000652s ]
INFO: [ app_begin ] --END-- [ RunTime:0.001046s ]
NOTIC: [2] Declaration of Home\Controller\IndexController::show() should be compatible with Think\Controller::show($content, $charset = '', $contentType = '', $prefix = '') C:\web\Apache2.4\htdocs\game\Application\Home\Controller\IndexController.class.php 第 117 行.
SQL: SHOW COLUMNS FROM `admin` [ RunTime:0.0037s ]
SQL: UPDATE `admin` SET `state`='1',`id`='124' WHERE `id` = 124 [ RunTime:0.0399s ]

[ 2017-12-13T14:20:35+08:00 ] ::1 /game/index.php/Home/Index/eidtThing
INFO: [ app_begin ] --START--
INFO: Run Behavior\ReadHtmlCacheBehavior [ RunTime:0.000586s ]
INFO: [ app_begin ] --END-- [ RunTime:0.001031s ]
NOTIC: [2] Declaration of Home\Controller\IndexController::show() should be compatible with Think\Controller::show($content, $charset = '', $contentType = '', $prefix = '') C:\web\Apache2.4\htdocs\game\Application\Home\Controller\IndexController.class.php 第 117 行.
SQL: SHOW COLUMNS FROM `admin` [ RunTime:0.0043s ]
SQL: UPDATE `admin` SET `state`='1',`id`='177' WHERE `id` = 177 [ RunTime:0.0583s ]

[ 2017-12-13T14:20:37+08:00 ] ::1 /game/index.php/Home/Index/eidtThing
INFO: [ app_begin ] --START--
INFO: Run Behavior\ReadHtmlCacheBehavior [ RunTime:0.000635s ]
INFO: [ app_begin ] --END-- [ RunTime:0.001107s ]
NOTIC: [2] Declaration of Home\Controller\IndexController::show() should be compatible with Think\Controller::show($content, $charset = '', $contentType = '', $prefix = '') C:\web\Apache2.4\htdocs\game\Application\Home\Controller\IndexController.class.php 第 117 行.
SQL: SHOW COLUMNS FROM `admin` [ RunTime:0.0033s ]
SQL: UPDATE `admin` SET `state`='1',`id`='52' WHERE `id` = 52 [ RunTime:0.0384s ]

[ 2017-12-13T14:20:39+08:00 ] ::1 /game/index.php/Home/Index/eidtThing
INFO: [ app_begin ] --START--
INFO: Run Behavior\ReadHtmlCacheBehavior [ RunTime:0.000496s ]
INFO: [ app_begin ] --END-- [ RunTime:0.001048s ]
NOTIC: [2] Declaration of Home\Controller\IndexController::show() should be compatible with Think\Controller::show($content, $charset = '', $contentType = '', $prefix = '') C:\web\Apache2.4\htdocs\game\Application\Home\Controller\IndexController.class.php 第 117 行.
SQL: SHOW COLUMNS FROM `admin` [ RunTime:0.0036s ]
SQL: UPDATE `admin` SET `state`='1',`id`='53' WHERE `id` = 53 [ RunTime:0.0398s ]

[ 2017-12-13T14:34:03+08:00 ] ::1 /game/index.php/Home/Index/eidtThing
INFO: [ app_begin ] --START--
INFO: Run Behavior\ReadHtmlCacheBehavior [ RunTime:0.000545s ]
INFO: [ app_begin ] --END-- [ RunTime:0.000949s ]
NOTIC: [2] Declaration of Home\Controller\IndexController::show() should be compatible with Think\Controller::show($content, $charset = '', $contentType = '', $prefix = '') C:\web\Apache2.4\htdocs\game\Application\Home\Controller\IndexController.class.php 第 117 行.
SQL: SHOW COLUMNS FROM `admin` [ RunTime:0.0034s ]
SQL: UPDATE `admin` SET `state`='1',`id`='163' WHERE `id` = 163 [ RunTime:0.0379s ]

[ 2017-12-13T14:34:05+08:00 ] ::1 /game/index.php/Home/Index/eidtThing
INFO: [ app_begin ] --START--
INFO: Run Behavior\ReadHtmlCacheBehavior [ RunTime:0.000598s ]
INFO: [ app_begin ] --END-- [ RunTime:0.000971s ]
NOTIC: [2] Declaration of Home\Controller\IndexController::show() should be compatible with Think\Controller::show($content, $charset = '', $contentType = '', $prefix = '') C:\web\Apache2.4\htdocs\game\Application\Home\Controller\IndexController.class.php 第 117 行.
SQL: SHOW COLUMNS FROM `admin` [ RunTime:0.0033s ]
SQL: UPDATE `admin` SET `state`='1',`id`='203' WHERE `id` = 203 [ RunTime:0.0373s ]

[ 2017-12-13T14:38:37+08:00 ] ::1 /game/index.php/Home/Index/eidtThing
INFO: [ app_begin ] --START--
INFO: Run Behavior\ReadHtmlCacheBehavior [ RunTime:0.000437s ]
INFO: [ app_begin ] --END-- [ RunTime:0.000802s ]
NOTIC: [2] Declaration of Home\Controller\IndexController::show() should be compatible with Think\Controller::show($content, $charset = '', $contentType = '', $prefix = '') C:\web\Apache2.4\htdocs\game\Application\Home\Controller\IndexController.class.php 第 117 行.
SQL: SHOW COLUMNS FROM `admin` [ RunTime:0.0035s ]
SQL: UPDATE `admin` SET `state`='1',`id`='169' WHERE `id` = 169 [ RunTime:0.2650s ]

[ 2017-12-13T14:38:41+08:00 ] ::1 /game/index.php/Home/Index/eidtThing
INFO: [ app_begin ] --START--
INFO: Run Behavior\ReadHtmlCacheBehavior [ RunTime:0.000500s ]
INFO: [ app_begin ] --END-- [ RunTime:0.000855s ]
NOTIC: [2] Declaration of Home\Controller\IndexController::show() should be compatible with Think\Controller::show($content, $charset = '', $contentType = '', $prefix = '') C:\web\Apache2.4\htdocs\game\Application\Home\Controller\IndexController.class.php 第 117 行.
SQL: SHOW COLUMNS FROM `admin` [ RunTime:0.0033s ]
SQL: UPDATE `admin` SET `state`='1',`id`='47' WHERE `id` = 47 [ RunTime:0.0456s ]

[ 2017-12-13T14:38:45+08:00 ] ::1 /game/index.php/Home/Index/eidtThing
INFO: [ app_begin ] --START--
INFO: Run Behavior\ReadHtmlCacheBehavior [ RunTime:0.000564s ]
INFO: [ app_begin ] --END-- [ RunTime:0.000966s ]
NOTIC: [2] Declaration of Home\Controller\IndexController::show() should be compatible with Think\Controller::show($content, $charset = '', $contentType = '', $prefix = '') C:\web\Apache2.4\htdocs\game\Application\Home\Controller\IndexController.class.php 第 117 行.
SQL: SHOW COLUMNS FROM `admin` [ RunTime:0.0031s ]
SQL: UPDATE `admin` SET `state`='1',`id`='105' WHERE `id` = 105 [ RunTime:0.0365s ]

[ 2017-12-13T14:41:22+08:00 ] ::1 /game/index.php/Home/Index/eidtThing
INFO: [ app_begin ] --START--
INFO: Run Behavior\ReadHtmlCacheBehavior [ RunTime:0.000532s ]
INFO: [ app_begin ] --END-- [ RunTime:0.001055s ]
NOTIC: [2] Declaration of Home\Controller\IndexController::show() should be compatible with Think\Controller::show($content, $charset = '', $contentType = '', $prefix = '') C:\web\Apache2.4\htdocs\game\Application\Home\Controller\IndexController.class.php 第 117 行.
SQL: SHOW COLUMNS FROM `admin` [ RunTime:0.0529s ]
SQL: UPDATE `admin` SET `state`='1',`id`='243' WHERE `id` = 243 [ RunTime:0.0455s ]

[ 2017-12-13T14:41:24+08:00 ] ::1 /game/index.php/Home/Index/eidtThing
INFO: [ app_begin ] --START--
INFO: Run Behavior\ReadHtmlCacheBehavior [ RunTime:0.000495s ]
INFO: [ app_begin ] --END-- [ RunTime:0.001002s ]
NOTIC: [2] Declaration of Home\Controller\IndexController::show() should be compatible with Think\Controller::show($content, $charset = '', $contentType = '', $prefix = '') C:\web\Apache2.4\htdocs\game\Application\Home\Controller\IndexController.class.php 第 117 行.
SQL: SHOW COLUMNS FROM `admin` [ RunTime:0.0701s ]
SQL: UPDATE `admin` SET `state`='1',`id`='119' WHERE `id` = 119 [ RunTime:0.0509s ]

[ 2017-12-13T14:42:53+08:00 ] ::1 /game/index.php/Home/Index/eidtThing
INFO: [ app_begin ] --START--
INFO: Run Behavior\ReadHtmlCacheBehavior [ RunTime:0.000531s ]
INFO: [ app_begin ] --END-- [ RunTime:0.000900s ]
NOTIC: [2] Declaration of Home\Controller\IndexController::show() should be compatible with Think\Controller::show($content, $charset = '', $contentType = '', $prefix = '') C:\web\Apache2.4\htdocs\game\Application\Home\Controller\IndexController.class.php 第 117 行.
SQL: SHOW COLUMNS FROM `admin` [ RunTime:0.0039s ]
SQL: UPDATE `admin` SET `state`='1',`id`='106' WHERE `id` = 106 [ RunTime:0.0464s ]

[ 2017-12-13T14:44:06+08:00 ] ::1 /game/index.php/Home/Index/eidtThing
INFO: [ app_begin ] --START--
INFO: Run Behavior\ReadHtmlCacheBehavior [ RunTime:0.000466s ]
INFO: [ app_begin ] --END-- [ RunTime:0.000840s ]
NOTIC: [2] Declaration of Home\Controller\IndexController::show() should be compatible with Think\Controller::show($content, $charset = '', $contentType = '', $prefix = '') C:\web\Apache2.4\htdocs\game\Application\Home\Controller\IndexController.class.php 第 117 行.
SQL: SHOW COLUMNS FROM `admin` [ RunTime:0.0226s ]
SQL: UPDATE `admin` SET `state`='1',`id`='113' WHERE `id` = 113 [ RunTime:0.0532s ]

[ 2017-12-13T14:46:07+08:00 ] ::1 /game/index.php/Home/Index/eidtThing
INFO: [ app_begin ] --START--
INFO: Run Behavior\ReadHtmlCacheBehavior [ RunTime:0.000533s ]
INFO: [ app_begin ] --END-- [ RunTime:0.000898s ]
NOTIC: [2] Declaration of Home\Controller\IndexController::show() should be compatible with Think\Controller::show($content, $charset = '', $contentType = '', $prefix = '') C:\web\Apache2.4\htdocs\game\Application\Home\Controller\IndexController.class.php 第 117 行.
SQL: SHOW COLUMNS FROM `admin` [ RunTime:0.0196s ]
SQL: UPDATE `admin` SET `state`='1',`id`='221' WHERE `id` = 221 [ RunTime:0.0530s ]

[ 2017-12-13T14:46:09+08:00 ] ::1 /game/index.php/Home/Index/eidtThing
INFO: [ app_begin ] --START--
INFO: Run Behavior\ReadHtmlCacheBehavior [ RunTime:0.000437s ]
INFO: [ app_begin ] --END-- [ RunTime:0.000801s ]
NOTIC: [2] Declaration of Home\Controller\IndexController::show() should be compatible with Think\Controller::show($content, $charset = '', $contentType = '', $prefix = '') C:\web\Apache2.4\htdocs\game\Application\Home\Controller\IndexController.class.php 第 117 行.
SQL: SHOW COLUMNS FROM `admin` [ RunTime:0.0041s ]
SQL: UPDATE `admin` SET `state`='1',`id`='206' WHERE `id` = 206 [ RunTime:0.0608s ]

[ 2017-12-13T14:46:11+08:00 ] ::1 /game/index.php/Home/Index/eidtThing
INFO: [ app_begin ] --START--
INFO: Run Behavior\ReadHtmlCacheBehavior [ RunTime:0.000470s ]
INFO: [ app_begin ] --END-- [ RunTime:0.000828s ]
NOTIC: [2] Declaration of Home\Controller\IndexController::show() should be compatible with Think\Controller::show($content, $charset = '', $contentType = '', $prefix = '') C:\web\Apache2.4\htdocs\game\Application\Home\Controller\IndexController.class.php 第 117 行.
SQL: SHOW COLUMNS FROM `admin` [ RunTime:0.0031s ]
SQL: UPDATE `admin` SET `state`='1',`id`='147' WHERE `id` = 147 [ RunTime:0.0622s ]

[ 2017-12-13T14:46:13+08:00 ] ::1 /game/index.php/Home/Index/eidtThing
INFO: [ app_begin ] --START--
INFO: Run Behavior\ReadHtmlCacheBehavior [ RunTime:0.000543s ]
INFO: [ app_begin ] --END-- [ RunTime:0.000932s ]
NOTIC: [2] Declaration of Home\Controller\IndexController::show() should be compatible with Think\Controller::show($content, $charset = '', $contentType = '', $prefix = '') C:\web\Apache2.4\htdocs\game\Application\Home\Controller\IndexController.class.php 第 117 行.
SQL: SHOW COLUMNS FROM `admin` [ RunTime:0.0418s ]
SQL: UPDATE `admin` SET `state`='1',`id`='231' WHERE `id` = 231 [ RunTime:0.0621s ]

[ 2017-12-13T14:46:15+08:00 ] ::1 /game/index.php/Home/Index/eidtThing
INFO: [ app_begin ] --START--
INFO: Run Behavior\ReadHtmlCacheBehavior [ RunTime:0.000456s ]
INFO: [ app_begin ] --END-- [ RunTime:0.000827s ]
NOTIC: [2] Declaration of Home\Controller\IndexController::show() should be compatible with Think\Controller::show($content, $charset = '', $contentType = '', $prefix = '') C:\web\Apache2.4\htdocs\game\Application\Home\Controller\IndexController.class.php 第 117 行.
SQL: SHOW COLUMNS FROM `admin` [ RunTime:0.0112s ]
SQL: UPDATE `admin` SET `state`='1',`id`='131' WHERE `id` = 131 [ RunTime:0.0382s ]

[ 2017-12-13T14:50:01+08:00 ] ::1 /game/index.php/Home/Index/eidtThing
INFO: [ app_begin ] --START--
INFO: Run Behavior\ReadHtmlCacheBehavior [ RunTime:0.000476s ]
INFO: [ app_begin ] --END-- [ RunTime:0.000837s ]
NOTIC: [2] Declaration of Home\Controller\IndexController::show() should be compatible with Think\Controller::show($content, $charset = '', $contentType = '', $prefix = '') C:\web\Apache2.4\htdocs\game\Application\Home\Controller\IndexController.class.php 第 117 行.
SQL: SHOW COLUMNS FROM `admin` [ RunTime:0.0121s ]
SQL: UPDATE `admin` SET `state`='1',`id`='88' WHERE `id` = 88 [ RunTime:0.0482s ]

[ 2017-12-13T14:50:03+08:00 ] ::1 /game/index.php/Home/Index/eidtThing
INFO: [ app_begin ] --START--
INFO: Run Behavior\ReadHtmlCacheBehavior [ RunTime:0.000555s ]
INFO: [ app_begin ] --END-- [ RunTime:0.001061s ]
NOTIC: [2] Declaration of Home\Controller\IndexController::show() should be compatible with Think\Controller::show($content, $charset = '', $contentType = '', $prefix = '') C:\web\Apache2.4\htdocs\game\Application\Home\Controller\IndexController.class.php 第 117 行.
SQL: SHOW COLUMNS FROM `admin` [ RunTime:0.0036s ]
SQL: UPDATE `admin` SET `state`='1',`id`='161' WHERE `id` = 161 [ RunTime:0.0368s ]

[ 2017-12-13T14:50:05+08:00 ] ::1 /game/index.php/Home/Index/eidtThing
INFO: [ app_begin ] --START--
INFO: Run Behavior\ReadHtmlCacheBehavior [ RunTime:0.000591s ]
INFO: [ app_begin ] --END-- [ RunTime:0.001041s ]
NOTIC: [2] Declaration of Home\Controller\IndexController::show() should be compatible with Think\Controller::show($content, $charset = '', $contentType = '', $prefix = '') C:\web\Apache2.4\htdocs\game\Application\Home\Controller\IndexController.class.php 第 117 行.
SQL: SHOW COLUMNS FROM `admin` [ RunTime:0.0201s ]
SQL: UPDATE `admin` SET `state`='1',`id`='96' WHERE `id` = 96 [ RunTime:0.0418s ]

[ 2017-12-13T14:50:07+08:00 ] ::1 /game/index.php/Home/Index/eidtThing
INFO: [ app_begin ] --START--
INFO: Run Behavior\ReadHtmlCacheBehavior [ RunTime:0.000576s ]
INFO: [ app_begin ] --END-- [ RunTime:0.001054s ]
NOTIC: [2] Declaration of Home\Controller\IndexController::show() should be compatible with Think\Controller::show($content, $charset = '', $contentType = '', $prefix = '') C:\web\Apache2.4\htdocs\game\Application\Home\Controller\IndexController.class.php 第 117 行.
SQL: SHOW COLUMNS FROM `admin` [ RunTime:0.0034s ]
SQL: UPDATE `admin` SET `state`='1',`id`='237' WHERE `id` = 237 [ RunTime:0.0402s ]

[ 2017-12-13T14:50:09+08:00 ] ::1 /game/index.php/Home/Index/eidtThing
INFO: [ app_begin ] --START--
INFO: Run Behavior\ReadHtmlCacheBehavior [ RunTime:0.000579s ]
INFO: [ app_begin ] --END-- [ RunTime:0.000982s ]
NOTIC: [2] Declaration of Home\Controller\IndexController::show() should be compatible with Think\Controller::show($content, $charset = '', $contentType = '', $prefix = '') C:\web\Apache2.4\htdocs\game\Application\Home\Controller\IndexController.class.php 第 117 行.
SQL: SHOW COLUMNS FROM `admin` [ RunTime:0.0036s ]
SQL: UPDATE `admin` SET `state`='1',`id`='71' WHERE `id` = 71 [ RunTime:0.0493s ]

[ 2017-12-13T14:50:18+08:00 ] ::1 /game/index.php/Home/Index/eidtThing
INFO: [ app_begin ] --START--
INFO: Run Behavior\ReadHtmlCacheBehavior [ RunTime:0.000507s ]
INFO: [ app_begin ] --END-- [ RunTime:0.000921s ]
NOTIC: [2] Declaration of Home\Controller\IndexController::show() should be compatible with Think\Controller::show($content, $charset = '', $contentType = '', $prefix = '') C:\web\Apache2.4\htdocs\game\Application\Home\Controller\IndexController.class.php 第 117 行.
SQL: SHOW COLUMNS FROM `admin` [ RunTime:0.0032s ]
SQL: UPDATE `admin` SET `state`='1',`id`='220' WHERE `id` = 220 [ RunTime:0.0398s ]

[ 2017-12-13T14:50:20+08:00 ] ::1 /game/index.php/Home/Index/eidtThing
INFO: [ app_begin ] --START--
INFO: Run Behavior\ReadHtmlCacheBehavior [ RunTime:0.000512s ]
INFO: [ app_begin ] --END-- [ RunTime:0.000949s ]
NOTIC: [2] Declaration of Home\Controller\IndexController::show() should be compatible with Think\Controller::show($content, $charset = '', $contentType = '', $prefix = '') C:\web\Apache2.4\htdocs\game\Application\Home\Controller\IndexController.class.php 第 117 行.
SQL: SHOW COLUMNS FROM `admin` [ RunTime:0.0520s ]
SQL: UPDATE `admin` SET `state`='1',`id`='131' WHERE `id` = 131 [ RunTime:0.0539s ]
ERR: 模板不存在:./Application/Home/View/Index/eidtThing.html

[ 2017-12-13T14:50:22+08:00 ] ::1 /game/index.php/Home/Index/eidtThing
INFO: [ app_begin ] --START--
INFO: Run Behavior\ReadHtmlCacheBehavior [ RunTime:0.000700s ]
INFO: [ app_begin ] --END-- [ RunTime:0.001240s ]
NOTIC: [2] Declaration of Home\Controller\IndexController::show() should be compatible with Think\Controller::show($content, $charset = '', $contentType = '', $prefix = '') C:\web\Apache2.4\htdocs\game\Application\Home\Controller\IndexController.class.php 第 117 行.
SQL: SHOW COLUMNS FROM `admin` [ RunTime:0.0035s ]
SQL: UPDATE `admin` SET `state`='1',`id`='24' WHERE `id` = 24 [ RunTime:0.0350s ]

[ 2017-12-13T14:50:24+08:00 ] ::1 /game/index.php/Home/Index/eidtThing
INFO: [ app_begin ] --START--
INFO: Run Behavior\ReadHtmlCacheBehavior [ RunTime:0.000751s ]
INFO: [ app_begin ] --END-- [ RunTime:0.001231s ]
NOTIC: [2] Declaration of Home\Controller\IndexController::show() should be compatible with Think\Controller::show($content, $charset = '', $contentType = '', $prefix = '') C:\web\Apache2.4\htdocs\game\Application\Home\Controller\IndexController.class.php 第 117 行.
SQL: SHOW COLUMNS FROM `admin` [ RunTime:0.1578s ]
SQL: UPDATE `admin` SET `state`='1',`id`='48' WHERE `id` = 48 [ RunTime:0.0468s ]

[ 2017-12-13T14:50:26+08:00 ] ::1 /game/index.php/Home/Index/eidtThing
INFO: [ app_begin ] --START--
INFO: Run Behavior\ReadHtmlCacheBehavior [ RunTime:0.000648s ]
INFO: [ app_begin ] --END-- [ RunTime:0.001153s ]
NOTIC: [2] Declaration of Home\Controller\IndexController::show() should be compatible with Think\Controller::show($content, $charset = '', $contentType = '', $prefix = '') C:\web\Apache2.4\htdocs\game\Application\Home\Controller\IndexController.class.php 第 117 行.
SQL: SHOW COLUMNS FROM `admin` [ RunTime:0.0037s ]
SQL: UPDATE `admin` SET `state`='1',`id`='72' WHERE `id` = 72 [ RunTime:0.0538s ]

[ 2017-12-13T14:58:06+08:00 ] ::1 /game/index.php/Home/Index/eidtThing
INFO: [ app_begin ] --START--
INFO: Run Behavior\ReadHtmlCacheBehavior [ RunTime:0.000563s ]
INFO: [ app_begin ] --END-- [ RunTime:0.000944s ]
NOTIC: [2] Declaration of Home\Controller\IndexController::show() should be compatible with Think\Controller::show($content, $charset = '', $contentType = '', $prefix = '') C:\web\Apache2.4\htdocs\game\Application\Home\Controller\IndexController.class.php 第 117 行.
SQL: SHOW COLUMNS FROM `admin` [ RunTime:0.0037s ]
SQL: UPDATE `admin` SET `state`='1',`id`='69' WHERE `id` = 69 [ RunTime:0.0563s ]

[ 2017-12-13T14:58:08+08:00 ] ::1 /game/index.php/Home/Index/eidtThing
INFO: [ app_begin ] --START--
INFO: Run Behavior\ReadHtmlCacheBehavior [ RunTime:0.000592s ]
INFO: [ app_begin ] --END-- [ RunTime:0.001136s ]
NOTIC: [2] Declaration of Home\Controller\IndexController::show() should be compatible with Think\Controller::show($content, $charset = '', $contentType = '', $prefix = '') C:\web\Apache2.4\htdocs\game\Application\Home\Controller\IndexController.class.php 第 117 行.
SQL: SHOW COLUMNS FROM `admin` [ RunTime:0.0038s ]
SQL: UPDATE `admin` SET `state`='1',`id`='2' WHERE `id` = 2 [ RunTime:0.0485s ]

[ 2017-12-13T14:58:10+08:00 ] ::1 /game/index.php/Home/Index/eidtThing
INFO: [ app_begin ] --START--
INFO: Run Behavior\ReadHtmlCacheBehavior [ RunTime:0.000533s ]
INFO: [ app_begin ] --END-- [ RunTime:0.000894s ]
NOTIC: [2] Declaration of Home\Controller\IndexController::show() should be compatible with Think\Controller::show($content, $charset = '', $contentType = '', $prefix = '') C:\web\Apache2.4\htdocs\game\Application\Home\Controller\IndexController.class.php 第 117 行.
SQL: SHOW COLUMNS FROM `admin` [ RunTime:0.0132s ]
SQL: UPDATE `admin` SET `state`='1',`id`='197' WHERE `id` = 197 [ RunTime:0.0495s ]

[ 2017-12-13T14:58:12+08:00 ] ::1 /game/index.php/Home/Index/eidtThing
INFO: [ app_begin ] --START--
INFO: Run Behavior\ReadHtmlCacheBehavior [ RunTime:0.000604s ]
INFO: [ app_begin ] --END-- [ RunTime:0.001102s ]
NOTIC: [2] Declaration of Home\Controller\IndexController::show() should be compatible with Think\Controller::show($content, $charset = '', $contentType = '', $prefix = '') C:\web\Apache2.4\htdocs\game\Application\Home\Controller\IndexController.class.php 第 117 行.
SQL: SHOW COLUMNS FROM `admin` [ RunTime:0.0604s ]
SQL: UPDATE `admin` SET `state`='1',`id`='78' WHERE `id` = 78 [ RunTime:0.0507s ]

[ 2017-12-13T14:58:14+08:00 ] ::1 /game/index.php/Home/Index/eidtThing
INFO: [ app_begin ] --START--
INFO: Run Behavior\ReadHtmlCacheBehavior [ RunTime:0.000476s ]
INFO: [ app_begin ] --END-- [ RunTime:0.000965s ]
NOTIC: [2] Declaration of Home\Controller\IndexController::show() should be compatible with Think\Controller::show($content, $charset = '', $contentType = '', $prefix = '') C:\web\Apache2.4\htdocs\game\Application\Home\Controller\IndexController.class.php 第 117 行.
SQL: SHOW COLUMNS FROM `admin` [ RunTime:0.0046s ]
SQL: UPDATE `admin` SET `state`='1',`id`='63' WHERE `id` = 63 [ RunTime:0.0512s ]

[ 2017-12-13T15:03:51+08:00 ] ::1 /game/index.php/Home/Index/eidtThing
INFO: [ app_begin ] --START--
INFO: Run Behavior\ReadHtmlCacheBehavior [ RunTime:0.000480s ]
INFO: [ app_begin ] --END-- [ RunTime:0.000837s ]
NOTIC: [2] Declaration of Home\Controller\IndexController::show() should be compatible with Think\Controller::show($content, $charset = '', $contentType = '', $prefix = '') C:\web\Apache2.4\htdocs\game\Application\Home\Controller\IndexController.class.php 第 117 行.
SQL: SHOW COLUMNS FROM `admin` [ RunTime:0.0266s ]
SQL: UPDATE `admin` SET `state`='1',`id`='223' WHERE `id` = 223 [ RunTime:0.0586s ]

[ 2017-12-13T15:03:52+08:00 ] ::1 /game/index.php/Home/Index/eidtThing
INFO: [ app_begin ] --START--
INFO: Run Behavior\ReadHtmlCacheBehavior [ RunTime:0.000446s ]
INFO: [ app_begin ] --END-- [ RunTime:0.000798s ]
NOTIC: [2] Declaration of Home\Controller\IndexController::show() should be compatible with Think\Controller::show($content, $charset = '', $contentType = '', $prefix = '') C:\web\Apache2.4\htdocs\game\Application\Home\Controller\IndexController.class.php 第 117 行.
SQL: SHOW COLUMNS FROM `admin` [ RunTime:0.0034s ]
SQL: UPDATE `admin` SET `state`='1',`id`='135' WHERE `id` = 135 [ RunTime:0.0396s ]

[ 2017-12-13T15:03:55+08:00 ] ::1 /game/index.php/Home/Index/eidtThing
INFO: [ app_begin ] --START--
INFO: Run Behavior\ReadHtmlCacheBehavior [ RunTime:0.000483s ]
INFO: [ app_begin ] --END-- [ RunTime:0.000863s ]
NOTIC: [2] Declaration of Home\Controller\IndexController::show() should be compatible with Think\Controller::show($content, $charset = '', $contentType = '', $prefix = '') C:\web\Apache2.4\htdocs\game\Application\Home\Controller\IndexController.class.php 第 117 行.
SQL: SHOW COLUMNS FROM `admin` [ RunTime:0.0147s ]
SQL: UPDATE `admin` SET `state`='1',`id`='174' WHERE `id` = 174 [ RunTime:0.0523s ]

[ 2017-12-13T15:03:57+08:00 ] ::1 /game/index.php/Home/Index/eidtThing
INFO: [ app_begin ] --START--
INFO: Run Behavior\ReadHtmlCacheBehavior [ RunTime:0.000509s ]
INFO: [ app_begin ] --END-- [ RunTime:0.000891s ]
NOTIC: [2] Declaration of Home\Controller\IndexController::show() should be compatible with Think\Controller::show($content, $charset = '', $contentType = '', $prefix = '') C:\web\Apache2.4\htdocs\game\Application\Home\Controller\IndexController.class.php 第 117 行.
SQL: SHOW COLUMNS FROM `admin` [ RunTime:0.0050s ]
SQL: UPDATE `admin` SET `state`='1',`id`='183' WHERE `id` = 183 [ RunTime:0.0528s ]

[ 2017-12-13T15:03:58+08:00 ] ::1 /game/index.php/Home/Index/eidtThing
INFO: [ app_begin ] --START--
INFO: Run Behavior\ReadHtmlCacheBehavior [ RunTime:0.000571s ]
INFO: [ app_begin ] --END-- [ RunTime:0.001202s ]
NOTIC: [2] Declaration of Home\Controller\IndexController::show() should be compatible with Think\Controller::show($content, $charset = '', $contentType = '', $prefix = '') C:\web\Apache2.4\htdocs\game\Application\Home\Controller\IndexController.class.php 第 117 行.
SQL: SHOW COLUMNS FROM `admin` [ RunTime:0.0050s ]
SQL: UPDATE `admin` SET `state`='1',`id`='214' WHERE `id` = 214 [ RunTime:0.0427s ]

[ 2017-12-13T15:05:53+08:00 ] ::1 /game/index.php/Home/Index/eidtThing
INFO: [ app_begin ] --START--
INFO: Run Behavior\ReadHtmlCacheBehavior [ RunTime:0.000568s ]
INFO: [ app_begin ] --END-- [ RunTime:0.000982s ]
NOTIC: [2] Declaration of Home\Controller\IndexController::show() should be compatible with Think\Controller::show($content, $charset = '', $contentType = '', $prefix = '') C:\web\Apache2.4\htdocs\game\Application\Home\Controller\IndexController.class.php 第 117 行.
SQL: SHOW COLUMNS FROM `admin` [ RunTime:0.0034s ]
SQL: UPDATE `admin` SET `state`='1',`id`='109' WHERE `id` = 109 [ RunTime:0.0490s ]

[ 2017-12-13T15:05:55+08:00 ] ::1 /game/index.php/Home/Index/eidtThing
INFO: [ app_begin ] --START--
INFO: Run Behavior\ReadHtmlCacheBehavior [ RunTime:0.000483s ]
INFO: [ app_begin ] --END-- [ RunTime:0.000868s ]
NOTIC: [2] Declaration of Home\Controller\IndexController::show() should be compatible with Think\Controller::show($content, $charset = '', $contentType = '', $prefix = '') C:\web\Apache2.4\htdocs\game\Application\Home\Controller\IndexController.class.php 第 117 行.
SQL: SHOW COLUMNS FROM `admin` [ RunTime:0.0036s ]
SQL: UPDATE `admin` SET `state`='1',`id`='3' WHERE `id` = 3 [ RunTime:0.0457s ]

[ 2017-12-13T17:29:59+08:00 ] ::1 /game/index.php/Home/Index/eidtThing
INFO: [ app_begin ] --START--
INFO: Run Behavior\ReadHtmlCacheBehavior [ RunTime:0.000477s ]
INFO: [ app_begin ] --END-- [ RunTime:0.000886s ]
NOTIC: [2] Declaration of Home\Controller\IndexController::show() should be compatible with Think\Controller::show($content, $charset = '', $contentType = '', $prefix = '') C:\web\Apache2.4\htdocs\game\Application\Home\Controller\IndexController.class.php 第 117 行.
SQL: SHOW COLUMNS FROM `admin` [ RunTime:0.0033s ]
SQL: UPDATE `admin` SET `state`='1',`id`='80' WHERE `id` = 80 [ RunTime:0.0362s ]

[ 2017-12-13T17:30:02+08:00 ] ::1 /game/index.php/Home/Index/eidtThing
INFO: [ app_begin ] --START--
INFO: Run Behavior\ReadHtmlCacheBehavior [ RunTime:0.000530s ]
INFO: [ app_begin ] --END-- [ RunTime:0.001039s ]
NOTIC: [2] Declaration of Home\Controller\IndexController::show() should be compatible with Think\Controller::show($content, $charset = '', $contentType = '', $prefix = '') C:\web\Apache2.4\htdocs\game\Application\Home\Controller\IndexController.class.php 第 117 行.
SQL: SHOW COLUMNS FROM `admin` [ RunTime:0.0449s ]
SQL: UPDATE `admin` SET `state`='1',`id`='132' WHERE `id` = 132 [ RunTime:0.0974s ]

[ 2017-12-13T17:30:03+08:00 ] ::1 /game/index.php/Home/Index/eidtThing
INFO: [ app_begin ] --START--
INFO: Run Behavior\ReadHtmlCacheBehavior [ RunTime:0.000466s ]
INFO: [ app_begin ] --END-- [ RunTime:0.000834s ]
NOTIC: [2] Declaration of Home\Controller\IndexController::show() should be compatible with Think\Controller::show($content, $charset = '', $contentType = '', $prefix = '') C:\web\Apache2.4\htdocs\game\Application\Home\Controller\IndexController.class.php 第 117 行.
SQL: SHOW COLUMNS FROM `admin` [ RunTime:0.0035s ]
SQL: UPDATE `admin` SET `state`='1',`id`='43' WHERE `id` = 43 [ RunTime:0.0601s ]

[ 2017-12-13T17:30:05+08:00 ] ::1 /game/index.php/Home/Index/eidtThing
INFO: [ app_begin ] --START--
INFO: Run Behavior\ReadHtmlCacheBehavior [ RunTime:0.000463s ]
INFO: [ app_begin ] --END-- [ RunTime:0.000823s ]
NOTIC: [2] Declaration of Home\Controller\IndexController::show() should be compatible with Think\Controller::show($content, $charset = '', $contentType = '', $prefix = '') C:\web\Apache2.4\htdocs\game\Application\Home\Controller\IndexController.class.php 第 117 行.
SQL: SHOW COLUMNS FROM `admin` [ RunTime:0.0146s ]
SQL: UPDATE `admin` SET `state`='1',`id`='25' WHERE `id` = 25 [ RunTime:0.0434s ]

[ 2017-12-13T17:30:07+08:00 ] ::1 /game/index.php/Home/Index/eidtThing
INFO: [ app_begin ] --START--
INFO: Run Behavior\ReadHtmlCacheBehavior [ RunTime:0.000563s ]
INFO: [ app_begin ] --END-- [ RunTime:0.000934s ]
NOTIC: [2] Declaration of Home\Controller\IndexController::show() should be compatible with Think\Controller::show($content, $charset = '', $contentType = '', $prefix = '') C:\web\Apache2.4\htdocs\game\Application\Home\Controller\IndexController.class.php 第 117 行.
SQL: SHOW COLUMNS FROM `admin` [ RunTime:0.0037s ]
SQL: UPDATE `admin` SET `state`='1',`id`='26' WHERE `id` = 26 [ RunTime:0.0324s ]

[ 2017-12-13T17:30:48+08:00 ] ::1 /game/index.php/Home/Index/eidtThing
INFO: [ app_begin ] --START--
INFO: Run Behavior\ReadHtmlCacheBehavior [ RunTime:0.000609s ]
INFO: [ app_begin ] --END-- [ RunTime:0.001229s ]
NOTIC: [2] Declaration of Home\Controller\IndexController::show() should be compatible with Think\Controller::show($content, $charset = '', $contentType = '', $prefix = '') C:\web\Apache2.4\htdocs\game\Application\Home\Controller\IndexController.class.php 第 117 行.
SQL: SHOW COLUMNS FROM `admin` [ RunTime:0.0104s ]
SQL: UPDATE `admin` SET `state`='1',`id`='143' WHERE `id` = 143 [ RunTime:0.0432s ]

[ 2017-12-13T17:30:50+08:00 ] ::1 /game/index.php/Home/Index/eidtThing
INFO: [ app_begin ] --START--
INFO: Run Behavior\ReadHtmlCacheBehavior [ RunTime:0.000684s ]
INFO: [ app_begin ] --END-- [ RunTime:0.001173s ]
NOTIC: [2] Declaration of Home\Controller\IndexController::show() should be compatible with Think\Controller::show($content, $charset = '', $contentType = '', $prefix = '') C:\web\Apache2.4\htdocs\game\Application\Home\Controller\IndexController.class.php 第 117 行.
SQL: SHOW COLUMNS FROM `admin` [ RunTime:0.0037s ]
SQL: UPDATE `admin` SET `state`='1',`id`='32' WHERE `id` = 32 [ RunTime:0.0417s ]

[ 2017-12-13T17:30:52+08:00 ] ::1 /game/index.php/Home/Index/eidtThing
INFO: [ app_begin ] --START--
INFO: Run Behavior\ReadHtmlCacheBehavior [ RunTime:0.000524s ]
INFO: [ app_begin ] --END-- [ RunTime:0.000911s ]
NOTIC: [2] Declaration of Home\Controller\IndexController::show() should be compatible with Think\Controller::show($content, $charset = '', $contentType = '', $prefix = '') C:\web\Apache2.4\htdocs\game\Application\Home\Controller\IndexController.class.php 第 117 行.
SQL: SHOW COLUMNS FROM `admin` [ RunTime:0.0741s ]
SQL: UPDATE `admin` SET `state`='1',`id`='125' WHERE `id` = 125 [ RunTime:0.0897s ]

[ 2017-12-13T17:31:26+08:00 ] ::1 /game/index.php/Home/Index/eidtThing
INFO: [ app_begin ] --START--
INFO: Run Behavior\ReadHtmlCacheBehavior [ RunTime:0.000492s ]
INFO: [ app_begin ] --END-- [ RunTime:0.000870s ]
NOTIC: [2] Declaration of Home\Controller\IndexController::show() should be compatible with Think\Controller::show($content, $charset = '', $contentType = '', $prefix = '') C:\web\Apache2.4\htdocs\game\Application\Home\Controller\IndexController.class.php 第 117 行.
SQL: SHOW COLUMNS FROM `admin` [ RunTime:0.0047s ]
SQL: UPDATE `admin` SET `state`='1',`id`='64' WHERE `id` = 64 [ RunTime:0.1202s ]

[ 2017-12-13T17:31:28+08:00 ] ::1 /game/index.php/Home/Index/eidtThing
INFO: [ app_begin ] --START--
INFO: Run Behavior\ReadHtmlCacheBehavior [ RunTime:0.000626s ]
INFO: [ app_begin ] --END-- [ RunTime:0.001290s ]
NOTIC: [2] Declaration of Home\Controller\IndexController::show() should be compatible with Think\Controller::show($content, $charset = '', $contentType = '', $prefix = '') C:\web\Apache2.4\htdocs\game\Application\Home\Controller\IndexController.class.php 第 117 行.
SQL: SHOW COLUMNS FROM `admin` [ RunTime:0.0051s ]
SQL: UPDATE `admin` SET `state`='1',`id`='46' WHERE `id` = 46 [ RunTime:0.0377s ]

[ 2017-12-13T17:31:30+08:00 ] ::1 /game/index.php/Home/Index/eidtThing
INFO: [ app_begin ] --START--
INFO: Run Behavior\ReadHtmlCacheBehavior [ RunTime:0.000525s ]
INFO: [ app_begin ] --END-- [ RunTime:0.001210s ]
NOTIC: [2] Declaration of Home\Controller\IndexController::show() should be compatible with Think\Controller::show($content, $charset = '', $contentType = '', $prefix = '') C:\web\Apache2.4\htdocs\game\Application\Home\Controller\IndexController.class.php 第 117 行.
SQL: SHOW COLUMNS FROM `admin` [ RunTime:0.0039s ]
SQL: UPDATE `admin` SET `state`='1',`id`='225' WHERE `id` = 225 [ RunTime:0.0400s ]

[ 2017-12-13T17:31:32+08:00 ] ::1 /game/index.php/Home/Index/eidtThing
INFO: [ app_begin ] --START--
INFO: Run Behavior\ReadHtmlCacheBehavior [ RunTime:0.000462s ]
INFO: [ app_begin ] --END-- [ RunTime:0.000815s ]
NOTIC: [2] Declaration of Home\Controller\IndexController::show() should be compatible with Think\Controller::show($content, $charset = '', $contentType = '', $prefix = '') C:\web\Apache2.4\htdocs\game\Application\Home\Controller\IndexController.class.php 第 117 行.
SQL: SHOW COLUMNS FROM `admin` [ RunTime:0.0040s ]
SQL: UPDATE `admin` SET `state`='1',`id`='204' WHERE `id` = 204 [ RunTime:0.0500s ]

[ 2017-12-13T17:31:34+08:00 ] ::1 /game/index.php/Home/Index/eidtThing
INFO: [ app_begin ] --START--
INFO: Run Behavior\ReadHtmlCacheBehavior [ RunTime:0.000510s ]
INFO: [ app_begin ] --END-- [ RunTime:0.000883s ]
NOTIC: [2] Declaration of Home\Controller\IndexController::show() should be compatible with Think\Controller::show($content, $charset = '', $contentType = '', $prefix = '') C:\web\Apache2.4\htdocs\game\Application\Home\Controller\IndexController.class.php 第 117 行.
SQL: SHOW COLUMNS FROM `admin` [ RunTime:0.0040s ]
SQL: UPDATE `admin` SET `state`='1',`id`='61' WHERE `id` = 61 [ RunTime:0.0475s ]

[ 2017-12-13T17:32:22+08:00 ] ::1 /game/index.php/Home/Index/eidtThing
INFO: [ app_begin ] --START--
INFO: Run Behavior\ReadHtmlCacheBehavior [ RunTime:0.000663s ]
INFO: [ app_begin ] --END-- [ RunTime:0.001048s ]
NOTIC: [2] Declaration of Home\Controller\IndexController::show() should be compatible with Think\Controller::show($content, $charset = '', $contentType = '', $prefix = '') C:\web\Apache2.4\htdocs\game\Application\Home\Controller\IndexController.class.php 第 117 行.
SQL: SHOW COLUMNS FROM `admin` [ RunTime:0.0038s ]
SQL: UPDATE `admin` SET `state`='1',`id`='176' WHERE `id` = 176 [ RunTime:0.0593s ]

[ 2017-12-13T17:32:24+08:00 ] ::1 /game/index.php/Home/Index/eidtThing
INFO: [ app_begin ] --START--
INFO: Run Behavior\ReadHtmlCacheBehavior [ RunTime:0.000487s ]
INFO: [ app_begin ] --END-- [ RunTime:0.000865s ]
NOTIC: [2] Declaration of Home\Controller\IndexController::show() should be compatible with Think\Controller::show($content, $charset = '', $contentType = '', $prefix = '') C:\web\Apache2.4\htdocs\game\Application\Home\Controller\IndexController.class.php 第 117 行.
SQL: SHOW COLUMNS FROM `admin` [ RunTime:0.0039s ]
SQL: UPDATE `admin` SET `state`='1',`id`='192' WHERE `id` = 192 [ RunTime:0.0423s ]

[ 2017-12-13T17:32:26+08:00 ] ::1 /game/index.php/Home/Index/eidtThing
INFO: [ app_begin ] --START--
INFO: Run Behavior\ReadHtmlCacheBehavior [ RunTime:0.000495s ]
INFO: [ app_begin ] --END-- [ RunTime:0.000895s ]
NOTIC: [2] Declaration of Home\Controller\IndexController::show() should be compatible with Think\Controller::show($content, $charset = '', $contentType = '', $prefix = '') C:\web\Apache2.4\htdocs\game\Application\Home\Controller\IndexController.class.php 第 117 行.
SQL: SHOW COLUMNS FROM `admin` [ RunTime:0.0041s ]
SQL: UPDATE `admin` SET `state`='1',`id`='29' WHERE `id` = 29 [ RunTime:0.0557s ]

[ 2017-12-13T17:32:28+08:00 ] ::1 /game/index.php/Home/Index/eidtThing
INFO: [ app_begin ] --START--
INFO: Run Behavior\ReadHtmlCacheBehavior [ RunTime:0.000481s ]
INFO: [ app_begin ] --END-- [ RunTime:0.000917s ]
NOTIC: [2] Declaration of Home\Controller\IndexController::show() should be compatible with Think\Controller::show($content, $charset = '', $contentType = '', $prefix = '') C:\web\Apache2.4\htdocs\game\Application\Home\Controller\IndexController.class.php 第 117 行.
SQL: SHOW COLUMNS FROM `admin` [ RunTime:0.0045s ]
SQL: UPDATE `admin` SET `state`='1',`id`='21' WHERE `id` = 21 [ RunTime:0.0347s ]

[ 2017-12-13T17:32:30+08:00 ] ::1 /game/index.php/Home/Index/eidtThing
INFO: [ app_begin ] --START--
INFO: Run Behavior\ReadHtmlCacheBehavior [ RunTime:0.000527s ]
INFO: [ app_begin ] --END-- [ RunTime:0.000921s ]
NOTIC: [2] Declaration of Home\Controller\IndexController::show() should be compatible with Think\Controller::show($content, $charset = '', $contentType = '', $prefix = '') C:\web\Apache2.4\htdocs\game\Application\Home\Controller\IndexController.class.php 第 117 行.
SQL: SHOW COLUMNS FROM `admin` [ RunTime:0.0147s ]
SQL: UPDATE `admin` SET `state`='1',`id`='234' WHERE `id` = 234 [ RunTime:0.0654s ]

[ 2017-12-13T17:32:53+08:00 ] ::1 /game/index.php/Home/Index/eidtThing
INFO: [ app_begin ] --START--
INFO: Run Behavior\ReadHtmlCacheBehavior [ RunTime:0.000501s ]
INFO: [ app_begin ] --END-- [ RunTime:0.001000s ]
NOTIC: [2] Declaration of Home\Controller\IndexController::show() should be compatible with Think\Controller::show($content, $charset = '', $contentType = '', $prefix = '') C:\web\Apache2.4\htdocs\game\Application\Home\Controller\IndexController.class.php 第 117 行.
SQL: SHOW COLUMNS FROM `admin` [ RunTime:0.0037s ]
SQL: UPDATE `admin` SET `state`='1',`id`='108' WHERE `id` = 108 [ RunTime:0.0481s ]

[ 2017-12-13T17:32:55+08:00 ] ::1 /game/index.php/Home/Index/eidtThing
INFO: [ app_begin ] --START--
INFO: Run Behavior\ReadHtmlCacheBehavior [ RunTime:0.000546s ]
INFO: [ app_begin ] --END-- [ RunTime:0.000970s ]
NOTIC: [2] Declaration of Home\Controller\IndexController::show() should be compatible with Think\Controller::show($content, $charset = '', $contentType = '', $prefix = '') C:\web\Apache2.4\htdocs\game\Application\Home\Controller\IndexController.class.php 第 117 行.
SQL: SHOW COLUMNS FROM `admin` [ RunTime:0.0141s ]
SQL: UPDATE `admin` SET `state`='1',`id`='201' WHERE `id` = 201 [ RunTime:0.0605s ]

[ 2017-12-13T17:32:57+08:00 ] ::1 /game/index.php/Home/Index/eidtThing
INFO: [ app_begin ] --START--
INFO: Run Behavior\ReadHtmlCacheBehavior [ RunTime:0.000482s ]
INFO: [ app_begin ] --END-- [ RunTime:0.000903s ]
NOTIC: [2] Declaration of Home\Controller\IndexController::show() should be compatible with Think\Controller::show($content, $charset = '', $contentType = '', $prefix = '') C:\web\Apache2.4\htdocs\game\Application\Home\Controller\IndexController.class.php 第 117 行.
SQL: SHOW COLUMNS FROM `admin` [ RunTime:0.0039s ]
SQL: UPDATE `admin` SET `state`='1',`id`='67' WHERE `id` = 67 [ RunTime:0.0357s ]

[ 2017-12-13T17:32:59+08:00 ] ::1 /game/index.php/Home/Index/eidtThing
INFO: [ app_begin ] --START--
INFO: Run Behavior\ReadHtmlCacheBehavior [ RunTime:0.000524s ]
INFO: [ app_begin ] --END-- [ RunTime:0.000985s ]
NOTIC: [2] Declaration of Home\Controller\IndexController::show() should be compatible with Think\Controller::show($content, $charset = '', $contentType = '', $prefix = '') C:\web\Apache2.4\htdocs\game\Application\Home\Controller\IndexController.class.php 第 117 行.
SQL: SHOW COLUMNS FROM `admin` [ RunTime:0.0035s ]
SQL: UPDATE `admin` SET `state`='1',`id`='141' WHERE `id` = 141 [ RunTime:0.0482s ]

[ 2017-12-13T17:33:12+08:00 ] ::1 /game/index.php/Home/Index/eidtThing
INFO: [ app_begin ] --START--
INFO: Run Behavior\ReadHtmlCacheBehavior [ RunTime:0.000602s ]
INFO: [ app_begin ] --END-- [ RunTime:0.001038s ]
NOTIC: [2] Declaration of Home\Controller\IndexController::show() should be compatible with Think\Controller::show($content, $charset = '', $contentType = '', $prefix = '') C:\web\Apache2.4\htdocs\game\Application\Home\Controller\IndexController.class.php 第 117 行.
SQL: SHOW COLUMNS FROM `admin` [ RunTime:0.0216s ]
SQL: UPDATE `admin` SET `state`='1',`id`='181' WHERE `id` = 181 [ RunTime:0.0540s ]

[ 2017-12-13T17:33:14+08:00 ] ::1 /game/index.php/Home/Index/eidtThing
INFO: [ app_begin ] --START--
INFO: Run Behavior\ReadHtmlCacheBehavior [ RunTime:0.000587s ]
INFO: [ app_begin ] --END-- [ RunTime:0.001019s ]
NOTIC: [2] Declaration of Home\Controller\IndexController::show() should be compatible with Think\Controller::show($content, $charset = '', $contentType = '', $prefix = '') C:\web\Apache2.4\htdocs\game\Application\Home\Controller\IndexController.class.php 第 117 行.
SQL: SHOW COLUMNS FROM `admin` [ RunTime:0.0032s ]
SQL: UPDATE `admin` SET `state`='1',`id`='160' WHERE `id` = 160 [ RunTime:0.0904s ]

[ 2017-12-13T17:33:16+08:00 ] ::1 /game/index.php/Home/Index/eidtThing
INFO: [ app_begin ] --START--
INFO: Run Behavior\ReadHtmlCacheBehavior [ RunTime:0.000493s ]
INFO: [ app_begin ] --END-- [ RunTime:0.000879s ]
NOTIC: [2] Declaration of Home\Controller\IndexController::show() should be compatible with Think\Controller::show($content, $charset = '', $contentType = '', $prefix = '') C:\web\Apache2.4\htdocs\game\Application\Home\Controller\IndexController.class.php 第 117 行.
SQL: SHOW COLUMNS FROM `admin` [ RunTime:0.0035s ]
SQL: UPDATE `admin` SET `state`='1',`id`='134' WHERE `id` = 134 [ RunTime:0.0430s ]

[ 2017-12-13T17:33:18+08:00 ] ::1 /game/index.php/Home/Index/eidtThing
INFO: [ app_begin ] --START--
INFO: Run Behavior\ReadHtmlCacheBehavior [ RunTime:0.000536s ]
INFO: [ app_begin ] --END-- [ RunTime:0.000970s ]
NOTIC: [2] Declaration of Home\Controller\IndexController::show() should be compatible with Think\Controller::show($content, $charset = '', $contentType = '', $prefix = '') C:\web\Apache2.4\htdocs\game\Application\Home\Controller\IndexController.class.php 第 117 行.
SQL: SHOW COLUMNS FROM `admin` [ RunTime:0.0035s ]
SQL: UPDATE `admin` SET `state`='1',`id`='151' WHERE `id` = 151 [ RunTime:0.0437s ]

[ 2017-12-13T17:33:20+08:00 ] ::1 /game/index.php/Home/Index/eidtThing
INFO: [ app_begin ] --START--
INFO: Run Behavior\ReadHtmlCacheBehavior [ RunTime:0.000470s ]
INFO: [ app_begin ] --END-- [ RunTime:0.000838s ]
NOTIC: [2] Declaration of Home\Controller\IndexController::show() should be compatible with Think\Controller::show($content, $charset = '', $contentType = '', $prefix = '') C:\web\Apache2.4\htdocs\game\Application\Home\Controller\IndexController.class.php 第 117 行.
SQL: SHOW COLUMNS FROM `admin` [ RunTime:0.0045s ]
SQL: UPDATE `admin` SET `state`='1',`id`='55' WHERE `id` = 55 [ RunTime:0.0513s ]

[ 2017-12-13T17:33:24+08:00 ] ::1 /game/index.php/Home/Index/eidtThing
INFO: [ app_begin ] --START--
INFO: Run Behavior\ReadHtmlCacheBehavior [ RunTime:0.000640s ]
INFO: [ app_begin ] --END-- [ RunTime:0.001033s ]
NOTIC: [2] Declaration of Home\Controller\IndexController::show() should be compatible with Think\Controller::show($content, $charset = '', $contentType = '', $prefix = '') C:\web\Apache2.4\htdocs\game\Application\Home\Controller\IndexController.class.php 第 117 行.
SQL: SHOW COLUMNS FROM `admin` [ RunTime:0.0041s ]
SQL: UPDATE `admin` SET `state`='1',`id`='54' WHERE `id` = 54 [ RunTime:0.0433s ]

[ 2017-12-13T17:36:35+08:00 ] ::1 /game/index.php/Home/Index/eidtThing
INFO: [ app_begin ] --START--
INFO: Run Behavior\ReadHtmlCacheBehavior [ RunTime:0.000528s ]
INFO: [ app_begin ] --END-- [ RunTime:0.000939s ]
NOTIC: [2] Declaration of Home\Controller\IndexController::show() should be compatible with Think\Controller::show($content, $charset = '', $contentType = '', $prefix = '') C:\web\Apache2.4\htdocs\game\Application\Home\Controller\IndexController.class.php 第 117 行.
SQL: SHOW COLUMNS FROM `admin` [ RunTime:0.0033s ]
SQL: UPDATE `admin` SET `state`='1',`id`='79' WHERE `id` = 79 [ RunTime:0.0550s ]

[ 2017-12-13T17:36:37+08:00 ] ::1 /game/index.php/Home/Index/eidtThing
INFO: [ app_begin ] --START--
INFO: Run Behavior\ReadHtmlCacheBehavior [ RunTime:0.000510s ]
INFO: [ app_begin ] --END-- [ RunTime:0.000913s ]
NOTIC: [2] Declaration of Home\Controller\IndexController::show() should be compatible with Think\Controller::show($content, $charset = '', $contentType = '', $prefix = '') C:\web\Apache2.4\htdocs\game\Application\Home\Controller\IndexController.class.php 第 117 行.
SQL: SHOW COLUMNS FROM `admin` [ RunTime:0.0037s ]
SQL: UPDATE `admin` SET `state`='1',`id`='44' WHERE `id` = 44 [ RunTime:0.0464s ]

[ 2017-12-13T17:37:10+08:00 ] ::1 /game/index.php/Home/Index/eidtThing
INFO: [ app_begin ] --START--
INFO: Run Behavior\ReadHtmlCacheBehavior [ RunTime:0.000621s ]
INFO: [ app_begin ] --END-- [ RunTime:0.001039s ]
NOTIC: [2] Declaration of Home\Controller\IndexController::show() should be compatible with Think\Controller::show($content, $charset = '', $contentType = '', $prefix = '') C:\web\Apache2.4\htdocs\game\Application\Home\Controller\IndexController.class.php 第 117 行.
SQL: SHOW COLUMNS FROM `admin` [ RunTime:0.0039s ]
SQL: UPDATE `admin` SET `state`='1',`id`='138' WHERE `id` = 138 [ RunTime:0.0712s ]

[ 2017-12-13T17:37:12+08:00 ] ::1 /game/index.php/Home/Index/eidtThing
INFO: [ app_begin ] --START--
INFO: Run Behavior\ReadHtmlCacheBehavior [ RunTime:0.000528s ]
INFO: [ app_begin ] --END-- [ RunTime:0.001030s ]
NOTIC: [2] Declaration of Home\Controller\IndexController::show() should be compatible with Think\Controller::show($content, $charset = '', $contentType = '', $prefix = '') C:\web\Apache2.4\htdocs\game\Application\Home\Controller\IndexController.class.php 第 117 行.
SQL: SHOW COLUMNS FROM `admin` [ RunTime:0.0037s ]
SQL: UPDATE `admin` SET `state`='1',`id`='170' WHERE `id` = 170 [ RunTime:0.0609s ]

[ 2017-12-13T17:38:24+08:00 ] ::1 /game/index.php/Home/Index/eidtThing
INFO: [ app_begin ] --START--
INFO: Run Behavior\ReadHtmlCacheBehavior [ RunTime:0.000540s ]
INFO: [ app_begin ] --END-- [ RunTime:0.000946s ]
NOTIC: [2] Declaration of Home\Controller\IndexController::show() should be compatible with Think\Controller::show($content, $charset = '', $contentType = '', $prefix = '') C:\web\Apache2.4\htdocs\game\Application\Home\Controller\IndexController.class.php 第 117 行.
SQL: SHOW COLUMNS FROM `admin` [ RunTime:0.0036s ]
SQL: UPDATE `admin` SET `state`='1',`id`='45' WHERE `id` = 45 [ RunTime:0.0682s ]

[ 2017-12-13T17:38:26+08:00 ] ::1 /game/index.php/Home/Index/eidtThing
INFO: [ app_begin ] --START--
INFO: Run Behavior\ReadHtmlCacheBehavior [ RunTime:0.000715s ]
INFO: [ app_begin ] --END-- [ RunTime:0.001113s ]
NOTIC: [2] Declaration of Home\Controller\IndexController::show() should be compatible with Think\Controller::show($content, $charset = '', $contentType = '', $prefix = '') C:\web\Apache2.4\htdocs\game\Application\Home\Controller\IndexController.class.php 第 117 行.
SQL: SHOW COLUMNS FROM `admin` [ RunTime:0.0145s ]
SQL: UPDATE `admin` SET `state`='1',`id`='139' WHERE `id` = 139 [ RunTime:0.0347s ]

[ 2017-12-13T17:38:55+08:00 ] ::1 /game/index.php/Home/Index/eidtThing
INFO: [ app_begin ] --START--
INFO: Run Behavior\ReadHtmlCacheBehavior [ RunTime:0.000519s ]
INFO: [ app_begin ] --END-- [ RunTime:0.000905s ]
NOTIC: [2] Declaration of Home\Controller\IndexController::show() should be compatible with Think\Controller::show($content, $charset = '', $contentType = '', $prefix = '') C:\web\Apache2.4\htdocs\game\Application\Home\Controller\IndexController.class.php 第 117 行.
SQL: SHOW COLUMNS FROM `admin` [ RunTime:0.0040s ]
SQL: UPDATE `admin` SET `state`='1',`id`='229' WHERE `id` = 229 [ RunTime:0.0418s ]

[ 2017-12-13T17:38:57+08:00 ] ::1 /game/index.php/Home/Index/eidtThing
INFO: [ app_begin ] --START--
INFO: Run Behavior\ReadHtmlCacheBehavior [ RunTime:0.000491s ]
INFO: [ app_begin ] --END-- [ RunTime:0.000853s ]
NOTIC: [2] Declaration of Home\Controller\IndexController::show() should be compatible with Think\Controller::show($content, $charset = '', $contentType = '', $prefix = '') C:\web\Apache2.4\htdocs\game\Application\Home\Controller\IndexController.class.php 第 117 行.
SQL: SHOW COLUMNS FROM `admin` [ RunTime:0.0039s ]
SQL: UPDATE `admin` SET `state`='1',`id`='140' WHERE `id` = 140 [ RunTime:0.0451s ]

[ 2017-12-13T17:38:59+08:00 ] ::1 /game/index.php/Home/Index/eidtThing
INFO: [ app_begin ] --START--
INFO: Run Behavior\ReadHtmlCacheBehavior [ RunTime:0.000466s ]
INFO: [ app_begin ] --END-- [ RunTime:0.001005s ]
NOTIC: [2] Declaration of Home\Controller\IndexController::show() should be compatible with Think\Controller::show($content, $charset = '', $contentType = '', $prefix = '') C:\web\Apache2.4\htdocs\game\Application\Home\Controller\IndexController.class.php 第 117 行.
SQL: SHOW COLUMNS FROM `admin` [ RunTime:0.0035s ]
SQL: UPDATE `admin` SET `state`='1',`id`='23' WHERE `id` = 23 [ RunTime:0.0382s ]

[ 2017-12-13T17:39:01+08:00 ] ::1 /game/index.php/Home/Index/eidtThing
INFO: [ app_begin ] --START--
INFO: Run Behavior\ReadHtmlCacheBehavior [ RunTime:0.000567s ]
INFO: [ app_begin ] --END-- [ RunTime:0.000981s ]
NOTIC: [2] Declaration of Home\Controller\IndexController::show() should be compatible with Think\Controller::show($content, $charset = '', $contentType = '', $prefix = '') C:\web\Apache2.4\htdocs\game\Application\Home\Controller\IndexController.class.php 第 117 行.
SQL: SHOW COLUMNS FROM `admin` [ RunTime:0.0045s ]
SQL: UPDATE `admin` SET `state`='1',`id`='143' WHERE `id` = 143 [ RunTime:0.0379s ]
ERR: 模板不存在:./Application/Home/View/Index/eidtThing.html

[ 2017-12-13T17:39:42+08:00 ] ::1 /game/index.php/Home/Index/eidtThing
INFO: [ app_begin ] --START--
INFO: Run Behavior\ReadHtmlCacheBehavior [ RunTime:0.000463s ]
INFO: [ app_begin ] --END-- [ RunTime:0.000830s ]
NOTIC: [2] Declaration of Home\Controller\IndexController::show() should be compatible with Think\Controller::show($content, $charset = '', $contentType = '', $prefix = '') C:\web\Apache2.4\htdocs\game\Application\Home\Controller\IndexController.class.php 第 117 行.
SQL: SHOW COLUMNS FROM `admin` [ RunTime:0.0040s ]
SQL: UPDATE `admin` SET `state`='1',`id`='172' WHERE `id` = 172 [ RunTime:0.0444s ]

[ 2017-12-13T17:39:44+08:00 ] ::1 /game/index.php/Home/Index/eidtThing
INFO: [ app_begin ] --START--
INFO: Run Behavior\ReadHtmlCacheBehavior [ RunTime:0.000479s ]
INFO: [ app_begin ] --END-- [ RunTime:0.000849s ]
NOTIC: [2] Declaration of Home\Controller\IndexController::show() should be compatible with Think\Controller::show($content, $charset = '', $contentType = '', $prefix = '') C:\web\Apache2.4\htdocs\game\Application\Home\Controller\IndexController.class.php 第 117 行.
SQL: SHOW COLUMNS FROM `admin` [ RunTime:0.0107s ]
SQL: UPDATE `admin` SET `state`='1',`id`='7' WHERE `id` = 7 [ RunTime:0.0557s ]

[ 2017-12-13T17:40:14+08:00 ] ::1 /game/index.php/Home/Index/eidtThing
INFO: [ app_begin ] --START--
INFO: Run Behavior\ReadHtmlCacheBehavior [ RunTime:0.000474s ]
INFO: [ app_begin ] --END-- [ RunTime:0.001008s ]
NOTIC: [2] Declaration of Home\Controller\IndexController::show() should be compatible with Think\Controller::show($content, $charset = '', $contentType = '', $prefix = '') C:\web\Apache2.4\htdocs\game\Application\Home\Controller\IndexController.class.php 第 117 行.
SQL: SHOW COLUMNS FROM `admin` [ RunTime:0.0032s ]
SQL: UPDATE `admin` SET `state`='1',`id`='38' WHERE `id` = 38 [ RunTime:0.0476s ]

[ 2017-12-13T17:40:25+08:00 ] ::1 /game/index.php/Home/Index/eidtThing
INFO: [ app_begin ] --START--
INFO: Run Behavior\ReadHtmlCacheBehavior [ RunTime:0.000654s ]
INFO: [ app_begin ] --END-- [ RunTime:0.001108s ]
NOTIC: [2] Declaration of Home\Controller\IndexController::show() should be compatible with Think\Controller::show($content, $charset = '', $contentType = '', $prefix = '') C:\web\Apache2.4\htdocs\game\Application\Home\Controller\IndexController.class.php 第 117 行.
SQL: SHOW COLUMNS FROM `admin` [ RunTime:0.0034s ]
SQL: UPDATE `admin` SET `state`='1',`id`='211' WHERE `id` = 211 [ RunTime:0.0407s ]

[ 2017-12-13T17:40:27+08:00 ] ::1 /game/index.php/Home/Index/eidtThing
INFO: [ app_begin ] --START--
INFO: Run Behavior\ReadHtmlCacheBehavior [ RunTime:0.000502s ]
INFO: [ app_begin ] --END-- [ RunTime:0.000854s ]
NOTIC: [2] Declaration of Home\Controller\IndexController::show() should be compatible with Think\Controller::show($content, $charset = '', $contentType = '', $prefix = '') C:\web\Apache2.4\htdocs\game\Application\Home\Controller\IndexController.class.php 第 117 行.
SQL: SHOW COLUMNS FROM `admin` [ RunTime:0.0034s ]
SQL: UPDATE `admin` SET `state`='1',`id`='225' WHERE `id` = 225 [ RunTime:0.0399s ]
ERR: 模板不存在:./Application/Home/View/Index/eidtThing.html

[ 2017-12-13T17:45:35+08:00 ] ::1 /game/index.php/Home/Index/eidtThing
INFO: [ app_begin ] --START--
INFO: Run Behavior\ReadHtmlCacheBehavior [ RunTime:0.000522s ]
INFO: [ app_begin ] --END-- [ RunTime:0.000869s ]
NOTIC: [2] Declaration of Home\Controller\IndexController::show() should be compatible with Think\Controller::show($content, $charset = '', $contentType = '', $prefix = '') C:\web\Apache2.4\htdocs\game\Application\Home\Controller\IndexController.class.php 第 117 行.
SQL: SHOW COLUMNS FROM `admin` [ RunTime:0.0034s ]
SQL: UPDATE `admin` SET `state`='1',`id`='217' WHERE `id` = 217 [ RunTime:0.0633s ]

[ 2017-12-13T17:45:37+08:00 ] ::1 /game/index.php/Home/Index/eidtThing
INFO: [ app_begin ] --START--
INFO: Run Behavior\ReadHtmlCacheBehavior [ RunTime:0.000502s ]
INFO: [ app_begin ] --END-- [ RunTime:0.000878s ]
NOTIC: [2] Declaration of Home\Controller\IndexController::show() should be compatible with Think\Controller::show($content, $charset = '', $contentType = '', $prefix = '') C:\web\Apache2.4\htdocs\game\Application\Home\Controller\IndexController.class.php 第 117 行.
SQL: SHOW COLUMNS FROM `admin` [ RunTime:0.0992s ]
SQL: UPDATE `admin` SET `state`='1',`id`='48' WHERE `id` = 48 [ RunTime:0.0873s ]
ERR: 模板不存在:./Application/Home/View/Index/eidtThing.html

[ 2017-12-13T17:45:39+08:00 ] ::1 /game/index.php/Home/Index/eidtThing
INFO: [ app_begin ] --START--
INFO: Run Behavior\ReadHtmlCacheBehavior [ RunTime:0.000493s ]
INFO: [ app_begin ] --END-- [ RunTime:0.000850s ]
NOTIC: [2] Declaration of Home\Controller\IndexController::show() should be compatible with Think\Controller::show($content, $charset = '', $contentType = '', $prefix = '') C:\web\Apache2.4\htdocs\game\Application\Home\Controller\IndexController.class.php 第 117 行.
SQL: SHOW COLUMNS FROM `admin` [ RunTime:0.0046s ]
SQL: UPDATE `admin` SET `state`='1',`id`='176' WHERE `id` = 176 [ RunTime:0.0562s ]
ERR: 模板不存在:./Application/Home/View/Index/eidtThing.html

[ 2017-12-13T17:45:41+08:00 ] ::1 /game/index.php/Home/Index/eidtThing
INFO: [ app_begin ] --START--
INFO: Run Behavior\ReadHtmlCacheBehavior [ RunTime:0.000467s ]
INFO: [ app_begin ] --END-- [ RunTime:0.000820s ]
NOTIC: [2] Declaration of Home\Controller\IndexController::show() should be compatible with Think\Controller::show($content, $charset = '', $contentType = '', $prefix = '') C:\web\Apache2.4\htdocs\game\Application\Home\Controller\IndexController.class.php 第 117 行.
SQL: SHOW COLUMNS FROM `admin` [ RunTime:0.0036s ]
SQL: UPDATE `admin` SET `state`='1',`id`='241' WHERE `id` = 241 [ RunTime:0.0430s ]

[ 2017-12-13T17:45:43+08:00 ] ::1 /game/index.php/Home/Index/eidtThing
INFO: [ app_begin ] --START--
INFO: Run Behavior\ReadHtmlCacheBehavior [ RunTime:0.000534s ]
INFO: [ app_begin ] --END-- [ RunTime:0.000929s ]
NOTIC: [2] Declaration of Home\Controller\IndexController::show() should be compatible with Think\Controller::show($content, $charset = '', $contentType = '', $prefix = '') C:\web\Apache2.4\htdocs\game\Application\Home\Controller\IndexController.class.php 第 117 行.
SQL: SHOW COLUMNS FROM `admin` [ RunTime:0.0041s ]
SQL: UPDATE `admin` SET `state`='1',`id`='18' WHERE `id` = 18 [ RunTime:0.1072s ]

[ 2017-12-13T19:47:06+08:00 ] ::1 /game/index.php/index/jquery-1.6.2.min.js
ERR: 非法操作:jquery-1.6.2.min.js

[ 2017-12-13T19:47:21+08:00 ] ::1 /game/index.php/index/jquery-1.6.2.min.js
ERR: 非法操作:jquery-1.6.2.min.js

