[ 2017-12-21T09:37:24+08:00 ] ::1 /game/index.php/Home/Prize/panpel
INFO: [ app_begin ] --START--
INFO: Run Behavior\ReadHtmlCacheBehavior [ RunTime:0.000337s ]
INFO: [ app_begin ] --END-- [ RunTime:0.000567s ]
SQL: SHOW COLUMNS FROM `admin` [ RunTime:0.0127s ]
SQL: SELECT * FROM `admin` WHERE `state` = 0  [ RunTime:0.0011s ]
SQL: SELECT * FROM `admin` WHERE `state` > 0  [ RunTime:0.0003s ]
SQL: SELECT * FROM `admin` WHERE `tab` = 1  [ RunTime:0.0004s ]
SQL: UPDATE `admin` SET `state`='0',`spoil`=NULL WHERE `state` > 0 [ RunTime:0.0697s ]
INFO: [ view_parse ] --START--
INFO: [ template_filter ] --START--
INFO: Run Behavior\ContentReplaceBehavior [ RunTime:0.000149s ]
INFO: [ template_filter ] --END-- [ RunTime:0.000169s ]
INFO: Run Behavior\ParseTemplateBehavior [ RunTime:0.038400s ]
INFO: [ view_parse ] --END-- [ RunTime:0.038433s ]
INFO: [ view_filter ] --START--
INFO: Run Behavior\WriteHtmlCacheBehavior [ RunTime:0.000231s ]
INFO: Run Behavior\TokenBuildBehavior [ RunTime:0.004074s ]
INFO: [ view_filter ] --END-- [ RunTime:0.004331s ]
INFO: [ app_end ] --START--
INFO: Run Behavior\ShowPageTraceBehavior [ RunTime:0.000448s ]
INFO: [ app_end ] --END-- [ RunTime:0.000468s ]

[ 2017-12-21T09:37:24+08:00 ] ::1 /game/index.php/Home/Prize/panpel
INFO: [ app_begin ] --START--
INFO: Run Behavior\ReadHtmlCacheBehavior [ RunTime:0.000391s ]
INFO: [ app_begin ] --END-- [ RunTime:0.000619s ]
SQL: SHOW COLUMNS FROM `admin` [ RunTime:0.0120s ]
SQL: SELECT * FROM `admin` WHERE `state` = 0  [ RunTime:0.0011s ]
SQL: SELECT * FROM `admin` WHERE `state` > 0  [ RunTime:0.0003s ]
SQL: SELECT * FROM `admin` WHERE `tab` = 1  [ RunTime:0.0005s ]
SQL: UPDATE `admin` SET `state`='0',`spoil`=NULL WHERE `state` > 0 [ RunTime:0.0003s ]
INFO: [ view_parse ] --START--
INFO: [ template_filter ] --START--
INFO: Run Behavior\ContentReplaceBehavior [ RunTime:0.000159s ]
INFO: [ template_filter ] --END-- [ RunTime:0.000182s ]
INFO: Run Behavior\ParseTemplateBehavior [ RunTime:0.039063s ]
INFO: [ view_parse ] --END-- [ RunTime:0.039095s ]
INFO: [ view_filter ] --START--
INFO: Run Behavior\WriteHtmlCacheBehavior [ RunTime:0.000253s ]
INFO: Run Behavior\TokenBuildBehavior [ RunTime:0.004163s ]
INFO: [ view_filter ] --END-- [ RunTime:0.004446s ]
INFO: [ app_end ] --START--
INFO: Run Behavior\ShowPageTraceBehavior [ RunTime:0.000406s ]
INFO: [ app_end ] --END-- [ RunTime:0.000426s ]

[ 2017-12-21T09:37:24+08:00 ] ::1 /game/index.php/Home/Prize/panpel
INFO: [ app_begin ] --START--
INFO: Run Behavior\ReadHtmlCacheBehavior [ RunTime:0.000398s ]
INFO: [ app_begin ] --END-- [ RunTime:0.000626s ]
SQL: SHOW COLUMNS FROM `admin` [ RunTime:0.0059s ]
SQL: SELECT * FROM `admin` WHERE `state` = 0  [ RunTime:0.0011s ]
SQL: SELECT * FROM `admin` WHERE `state` > 0  [ RunTime:0.0003s ]
SQL: SELECT * FROM `admin` WHERE `tab` = 1  [ RunTime:0.0005s ]
SQL: UPDATE `admin` SET `state`='0',`spoil`=NULL WHERE `state` > 0 [ RunTime:0.0003s ]
INFO: [ view_parse ] --START--
INFO: [ template_filter ] --START--
INFO: Run Behavior\ContentReplaceBehavior [ RunTime:0.000152s ]
INFO: [ template_filter ] --END-- [ RunTime:0.000178s ]
INFO: Run Behavior\ParseTemplateBehavior [ RunTime:0.038358s ]
INFO: [ view_parse ] --END-- [ RunTime:0.038399s ]
INFO: [ view_filter ] --START--
INFO: Run Behavior\WriteHtmlCacheBehavior [ RunTime:0.000582s ]
INFO: Run Behavior\TokenBuildBehavior [ RunTime:0.004326s ]
INFO: [ view_filter ] --END-- [ RunTime:0.005193s ]
INFO: [ app_end ] --START--
INFO: Run Behavior\ShowPageTraceBehavior [ RunTime:0.000464s ]
INFO: [ app_end ] --END-- [ RunTime:0.000487s ]

[ 2017-12-21T09:37:28+08:00 ] ::1 /game/index.php/Home/Prize/eidtThing
INFO: [ app_begin ] --START--
INFO: Run Behavior\ReadHtmlCacheBehavior [ RunTime:0.000692s ]
INFO: [ app_begin ] --END-- [ RunTime:0.000949s ]
SQL: SHOW COLUMNS FROM `admin` [ RunTime:0.0488s ]
SQL: UPDATE `admin` SET `state`='9',`spoil`='现金大奖',`number`='15989458513' WHERE `number` = '15989458513' [ RunTime:0.0972s ]

[ 2017-12-21T09:40:13+08:00 ] ::1 /game/index.php/Home/Prize/panpel
INFO: [ app_begin ] --START--
INFO: Run Behavior\ReadHtmlCacheBehavior [ RunTime:0.000376s ]
INFO: [ app_begin ] --END-- [ RunTime:0.000645s ]
SQL: SHOW COLUMNS FROM `admin` [ RunTime:0.0302s ]
SQL: SELECT * FROM `admin` WHERE `state` = 0  [ RunTime:0.0011s ]
SQL: SELECT * FROM `admin` WHERE `state` > 0  [ RunTime:0.0003s ]
SQL: SELECT * FROM `admin` WHERE `tab` = 1  [ RunTime:0.0005s ]
SQL: SHOW COLUMNS FROM `prize` [ RunTime:0.0097s ]
SQL: SELECT * FROM `prize`  [ RunTime:0.0003s ]
SQL: UPDATE `admin` SET `state`='0',`spoil`=NULL WHERE `state` > 0 [ RunTime:0.0425s ]
INFO: [ view_parse ] --START--
INFO: [ template_filter ] --START--
INFO: Run Behavior\ContentReplaceBehavior [ RunTime:0.000125s ]
INFO: [ template_filter ] --END-- [ RunTime:0.000153s ]
INFO: Run Behavior\ParseTemplateBehavior [ RunTime:0.025229s ]
INFO: [ view_parse ] --END-- [ RunTime:0.025291s ]
INFO: [ view_filter ] --START--
INFO: Run Behavior\WriteHtmlCacheBehavior [ RunTime:0.000371s ]
INFO: Run Behavior\TokenBuildBehavior [ RunTime:0.003760s ]
INFO: [ view_filter ] --END-- [ RunTime:0.004175s ]
INFO: [ app_end ] --START--
INFO: Run Behavior\ShowPageTraceBehavior [ RunTime:0.000519s ]
INFO: [ app_end ] --END-- [ RunTime:0.000546s ]

[ 2017-12-21T09:40:16+08:00 ] ::1 /game/index.php/Home/Prize/eidtThing
INFO: [ app_begin ] --START--
INFO: Run Behavior\ReadHtmlCacheBehavior [ RunTime:0.000401s ]
INFO: [ app_begin ] --END-- [ RunTime:0.000652s ]
SQL: SHOW COLUMNS FROM `admin` [ RunTime:0.0134s ]
SQL: UPDATE `admin` SET `state`='9',`spoil`='现金大奖',`number`='18717337502' WHERE `number` = '18717337502' [ RunTime:0.0582s ]

[ 2017-12-21T09:41:48+08:00 ] ::1 /game/index.php/Home/Prize/panpel
INFO: [ app_begin ] --START--
INFO: Run Behavior\ReadHtmlCacheBehavior [ RunTime:0.000383s ]
INFO: [ app_begin ] --END-- [ RunTime:0.000630s ]
SQL: SHOW COLUMNS FROM `admin` [ RunTime:0.0125s ]
SQL: SELECT * FROM `admin` WHERE `state` = 0  [ RunTime:0.0011s ]
SQL: SELECT * FROM `admin` WHERE `state` > 0  [ RunTime:0.0003s ]
SQL: SELECT * FROM `admin` WHERE `tab` = 1  [ RunTime:0.0005s ]
SQL: SHOW COLUMNS FROM `prize` [ RunTime:0.0104s ]
SQL: SELECT * FROM `prize`  [ RunTime:0.0002s ]
SQL: UPDATE `admin` SET `state`='0',`spoil`=NULL WHERE `state` > 0 [ RunTime:0.0545s ]
INFO: [ view_parse ] --START--
INFO: [ template_filter ] --START--
INFO: Run Behavior\ContentReplaceBehavior [ RunTime:0.000129s ]
INFO: [ template_filter ] --END-- [ RunTime:0.000161s ]
INFO: Run Behavior\ParseTemplateBehavior [ RunTime:0.042652s ]
INFO: [ view_parse ] --END-- [ RunTime:0.042691s ]
INFO: [ view_filter ] --START--
INFO: Run Behavior\WriteHtmlCacheBehavior [ RunTime:0.000270s ]
INFO: Run Behavior\TokenBuildBehavior [ RunTime:0.003839s ]
INFO: [ view_filter ] --END-- [ RunTime:0.004165s ]
INFO: [ app_end ] --START--
INFO: Run Behavior\ShowPageTraceBehavior [ RunTime:0.000632s ]
INFO: [ app_end ] --END-- [ RunTime:0.000662s ]

[ 2017-12-21T09:41:52+08:00 ] ::1 /game/index.php/Home/Prize/eidtThing
INFO: [ app_begin ] --START--
INFO: Run Behavior\ReadHtmlCacheBehavior [ RunTime:0.000557s ]
INFO: [ app_begin ] --END-- [ RunTime:0.000897s ]
SQL: SHOW COLUMNS FROM `admin` [ RunTime:0.0126s ]
SQL: UPDATE `admin` SET `state`='9',`spoil`='现金大奖',`number`='15823517501' WHERE `number` = '15823517501' [ RunTime:0.0783s ]

[ 2017-12-21T09:42:40+08:00 ] ::1 /game/index.php/Home/Prize/panpel
INFO: [ app_begin ] --START--
INFO: Run Behavior\ReadHtmlCacheBehavior [ RunTime:0.000372s ]
INFO: [ app_begin ] --END-- [ RunTime:0.000637s ]
SQL: SHOW COLUMNS FROM `admin` [ RunTime:0.0127s ]
SQL: SELECT * FROM `admin` WHERE `state` = 0  [ RunTime:0.0011s ]
SQL: SELECT * FROM `admin` WHERE `state` > 0  [ RunTime:0.0002s ]
SQL: SELECT * FROM `admin` WHERE `tab` = 1  [ RunTime:0.0004s ]
SQL: SHOW COLUMNS FROM `prize` [ RunTime:0.0103s ]
SQL: SELECT * FROM `prize`  [ RunTime:0.0002s ]
SQL: UPDATE `admin` SET `state`='0',`spoil`=NULL WHERE `state` > 0 [ RunTime:0.0473s ]
INFO: [ view_parse ] --START--
INFO: [ template_filter ] --START--
INFO: Run Behavior\ContentReplaceBehavior [ RunTime:0.000126s ]
INFO: [ template_filter ] --END-- [ RunTime:0.000151s ]
INFO: Run Behavior\ParseTemplateBehavior [ RunTime:0.041892s ]
INFO: [ view_parse ] --END-- [ RunTime:0.041942s ]
INFO: [ view_filter ] --START--
INFO: Run Behavior\WriteHtmlCacheBehavior [ RunTime:0.000307s ]
INFO: Run Behavior\TokenBuildBehavior [ RunTime:0.003718s ]
INFO: [ view_filter ] --END-- [ RunTime:0.004066s ]
INFO: [ app_end ] --START--
INFO: Run Behavior\ShowPageTraceBehavior [ RunTime:0.000474s ]
INFO: [ app_end ] --END-- [ RunTime:0.000501s ]

[ 2017-12-21T09:42:44+08:00 ] ::1 /game/index.php/Home/Prize/eidtThing
INFO: [ app_begin ] --START--
INFO: Run Behavior\ReadHtmlCacheBehavior [ RunTime:0.000385s ]
INFO: [ app_begin ] --END-- [ RunTime:0.000653s ]
SQL: SHOW COLUMNS FROM `admin` [ RunTime:0.0155s ]
SQL: UPDATE `admin` SET `state`='9',`spoil`='现金大奖',`number`='13457036166' WHERE `number` = '13457036166' [ RunTime:0.0781s ]

[ 2017-12-21T09:42:49+08:00 ] ::1 /game/index.php/Home/Prize/panpel
INFO: [ app_begin ] --START--
INFO: Run Behavior\ReadHtmlCacheBehavior [ RunTime:0.000380s ]
INFO: [ app_begin ] --END-- [ RunTime:0.000629s ]
SQL: SHOW COLUMNS FROM `admin` [ RunTime:0.0124s ]
SQL: SELECT * FROM `admin` WHERE `state` = 0  [ RunTime:0.0011s ]
SQL: SELECT * FROM `admin` WHERE `state` > 0  [ RunTime:0.0003s ]
SQL: SELECT * FROM `admin` WHERE `tab` = 1  [ RunTime:0.0004s ]
SQL: SHOW COLUMNS FROM `prize` [ RunTime:0.1508s ]
SQL: SELECT * FROM `prize`  [ RunTime:0.0003s ]
SQL: UPDATE `admin` SET `state`='0',`spoil`=NULL WHERE `state` > 0 [ RunTime:0.1677s ]
INFO: [ view_parse ] --START--
INFO: [ template_filter ] --START--
INFO: Run Behavior\ContentReplaceBehavior [ RunTime:0.000118s ]
INFO: [ template_filter ] --END-- [ RunTime:0.000143s ]
INFO: Run Behavior\ParseTemplateBehavior [ RunTime:0.041318s ]
INFO: [ view_parse ] --END-- [ RunTime:0.041362s ]
INFO: [ view_filter ] --START--
INFO: Run Behavior\WriteHtmlCacheBehavior [ RunTime:0.000280s ]
INFO: Run Behavior\TokenBuildBehavior [ RunTime:0.003695s ]
INFO: [ view_filter ] --END-- [ RunTime:0.004012s ]
INFO: [ app_end ] --START--
INFO: Run Behavior\ShowPageTraceBehavior [ RunTime:0.000530s ]
INFO: [ app_end ] --END-- [ RunTime:0.000555s ]

[ 2017-12-21T09:43:31+08:00 ] ::1 /game/index.php/Home/Prize/eidtThing
INFO: [ app_begin ] --START--
INFO: Run Behavior\ReadHtmlCacheBehavior [ RunTime:0.000368s ]
INFO: [ app_begin ] --END-- [ RunTime:0.000621s ]
SQL: SHOW COLUMNS FROM `admin` [ RunTime:0.0130s ]
SQL: UPDATE `admin` SET `state`='9',`spoil`='现金大奖',`number`='13424246836' WHERE `number` = '13424246836' [ RunTime:0.0655s ]

[ 2017-12-21T09:43:34+08:00 ] ::1 /game/index.php/Home/Prize/panpel
INFO: [ app_begin ] --START--
INFO: Run Behavior\ReadHtmlCacheBehavior [ RunTime:0.000365s ]
INFO: [ app_begin ] --END-- [ RunTime:0.000616s ]
SQL: SHOW COLUMNS FROM `admin` [ RunTime:0.0129s ]
SQL: SELECT * FROM `admin` WHERE `state` = 0  [ RunTime:0.0011s ]
SQL: SELECT * FROM `admin` WHERE `state` > 0  [ RunTime:0.0002s ]
SQL: SELECT * FROM `admin` WHERE `tab` = 1  [ RunTime:0.0004s ]
SQL: SHOW COLUMNS FROM `prize` [ RunTime:0.0096s ]
SQL: SELECT * FROM `prize`  [ RunTime:0.0002s ]
SQL: UPDATE `admin` SET `state`='0',`spoil`=NULL WHERE `state` > 0 [ RunTime:0.0471s ]
INFO: [ view_parse ] --START--
INFO: [ template_filter ] --START--
INFO: Run Behavior\ContentReplaceBehavior [ RunTime:0.000126s ]
INFO: [ template_filter ] --END-- [ RunTime:0.000148s ]
INFO: Run Behavior\ParseTemplateBehavior [ RunTime:0.039003s ]
INFO: [ view_parse ] --END-- [ RunTime:0.039039s ]
INFO: [ view_filter ] --START--
INFO: Run Behavior\WriteHtmlCacheBehavior [ RunTime:0.000281s ]
INFO: Run Behavior\TokenBuildBehavior [ RunTime:0.003741s ]
INFO: [ view_filter ] --END-- [ RunTime:0.004081s ]
INFO: [ app_end ] --START--
INFO: Run Behavior\ShowPageTraceBehavior [ RunTime:0.000551s ]
INFO: [ app_end ] --END-- [ RunTime:0.000589s ]

[ 2017-12-21T09:45:03+08:00 ] ::1 /game/index.php/Home/Prize/panpel
INFO: [ app_begin ] --START--
INFO: Run Behavior\ReadHtmlCacheBehavior [ RunTime:0.000374s ]
INFO: [ app_begin ] --END-- [ RunTime:0.000618s ]
SQL: SHOW COLUMNS FROM `admin` [ RunTime:0.0118s ]
SQL: SELECT * FROM `admin` WHERE `state` = 0  [ RunTime:0.0011s ]
SQL: SELECT * FROM `admin` WHERE `state` > 0  [ RunTime:0.0003s ]
SQL: SELECT * FROM `admin` WHERE `tab` = 1  [ RunTime:0.0005s ]
SQL: SHOW COLUMNS FROM `prize` [ RunTime:0.0092s ]
SQL: SELECT * FROM `prize`  [ RunTime:0.0002s ]
SQL: UPDATE `admin` SET `state`='0',`spoil`=NULL WHERE `state` > 0 [ RunTime:0.0004s ]
INFO: [ view_parse ] --START--
INFO: [ template_filter ] --START--
INFO: Run Behavior\ContentReplaceBehavior [ RunTime:0.000126s ]
INFO: [ template_filter ] --END-- [ RunTime:0.000148s ]
INFO: Run Behavior\ParseTemplateBehavior [ RunTime:0.006950s ]
INFO: [ view_parse ] --END-- [ RunTime:0.006976s ]
INFO: [ view_filter ] --START--
INFO: Run Behavior\WriteHtmlCacheBehavior [ RunTime:0.000340s ]
INFO: Run Behavior\TokenBuildBehavior [ RunTime:0.003882s ]
INFO: [ view_filter ] --END-- [ RunTime:0.004263s ]
INFO: [ app_end ] --START--
INFO: Run Behavior\ShowPageTraceBehavior [ RunTime:0.000508s ]
INFO: [ app_end ] --END-- [ RunTime:0.000532s ]

[ 2017-12-21T09:45:07+08:00 ] ::1 /game/index.php/Home/Prize/eidtThing
INFO: [ app_begin ] --START--
INFO: Run Behavior\ReadHtmlCacheBehavior [ RunTime:0.000358s ]
INFO: [ app_begin ] --END-- [ RunTime:0.000644s ]
SQL: SHOW COLUMNS FROM `admin` [ RunTime:0.0120s ]
SQL: UPDATE `admin` SET `state`='9',`spoil`='现金大奖',`number`='18309230759' WHERE `number` = '18309230759' [ RunTime:0.0506s ]

[ 2017-12-21T09:45:40+08:00 ] ::1 /game/index.php/Home/Prize/eidtThing
INFO: [ app_begin ] --START--
INFO: Run Behavior\ReadHtmlCacheBehavior [ RunTime:0.000507s ]
INFO: [ app_begin ] --END-- [ RunTime:0.000827s ]
SQL: SHOW COLUMNS FROM `admin` [ RunTime:0.0135s ]
SQL: UPDATE `admin` SET `state`='1',`spoil`='苹果笔记本',`number`='18588206525' WHERE `number` = '18588206525' [ RunTime:0.0688s ]

[ 2017-12-21T09:45:46+08:00 ] ::1 /game/index.php/Home/Prize/eidtThing
INFO: [ app_begin ] --START--
INFO: Run Behavior\ReadHtmlCacheBehavior [ RunTime:0.000377s ]
INFO: [ app_begin ] --END-- [ RunTime:0.000638s ]
SQL: SHOW COLUMNS FROM `admin` [ RunTime:0.0130s ]
SQL: UPDATE `admin` SET `state`='2',`spoil`='iphone 8',`number`='18676663130' WHERE `number` = '18676663130' [ RunTime:0.0743s ]

[ 2017-12-21T09:45:46+08:00 ] ::1 /game/index.php/Home/Prize/eidtThing
INFO: [ app_begin ] --START--
INFO: Run Behavior\ReadHtmlCacheBehavior [ RunTime:0.000514s ]
INFO: [ app_begin ] --END-- [ RunTime:0.000896s ]
SQL: SHOW COLUMNS FROM `admin` [ RunTime:0.0059s ]
SQL: UPDATE `admin` SET `state`='2',`spoil`='iphone 8',`number`='18476708255' WHERE `number` = '18476708255' [ RunTime:0.0603s ]

[ 2017-12-21T09:45:46+08:00 ] ::1 /game/index.php/Home/Prize/eidtThing
INFO: [ app_begin ] --START--
INFO: Run Behavior\ReadHtmlCacheBehavior [ RunTime:0.000532s ]
INFO: [ app_begin ] --END-- [ RunTime:0.000833s ]
SQL: SHOW COLUMNS FROM `admin` [ RunTime:0.0071s ]
SQL: UPDATE `admin` SET `state`='2',`spoil`='小米笔记本',`number`='18719489337' WHERE `number` = '18719489337' [ RunTime:0.0781s ]

[ 2017-12-21T09:45:46+08:00 ] ::1 /game/index.php/Home/Prize/eidtThing
INFO: [ app_begin ] --START--
INFO: Run Behavior\ReadHtmlCacheBehavior [ RunTime:0.000515s ]
INFO: [ app_begin ] --END-- [ RunTime:0.000869s ]
SQL: SHOW COLUMNS FROM `admin` [ RunTime:0.0064s ]
SQL: UPDATE `admin` SET `state`='2',`spoil`='小米笔记本',`number`='18565865509' WHERE `number` = '18565865509' [ RunTime:0.0562s ]

[ 2017-12-21T09:45:50+08:00 ] ::1 /game/index.php/Home/Prize/panpel
INFO: [ app_begin ] --START--
INFO: Run Behavior\ReadHtmlCacheBehavior [ RunTime:0.000372s ]
INFO: [ app_begin ] --END-- [ RunTime:0.000626s ]
SQL: SHOW COLUMNS FROM `admin` [ RunTime:0.0128s ]
SQL: SELECT * FROM `admin` WHERE `state` = 0  [ RunTime:0.0012s ]
SQL: SELECT * FROM `admin` WHERE `state` > 0  [ RunTime:0.0003s ]
SQL: SELECT * FROM `admin` WHERE `tab` = 1  [ RunTime:0.0004s ]
SQL: SHOW COLUMNS FROM `prize` [ RunTime:0.0086s ]
SQL: SELECT * FROM `prize`  [ RunTime:0.0002s ]
SQL: UPDATE `admin` SET `state`='0',`spoil`=NULL WHERE `state` > 0 [ RunTime:0.0563s ]
INFO: [ view_parse ] --START--
INFO: [ template_filter ] --START--
INFO: Run Behavior\ContentReplaceBehavior [ RunTime:0.000167s ]
INFO: [ template_filter ] --END-- [ RunTime:0.000194s ]
INFO: Run Behavior\ParseTemplateBehavior [ RunTime:0.045186s ]
INFO: [ view_parse ] --END-- [ RunTime:0.045224s ]
INFO: [ view_filter ] --START--
INFO: Run Behavior\WriteHtmlCacheBehavior [ RunTime:0.000533s ]
INFO: Run Behavior\TokenBuildBehavior [ RunTime:0.004477s ]
INFO: [ view_filter ] --END-- [ RunTime:0.005068s ]
INFO: [ app_end ] --START--
INFO: Run Behavior\ShowPageTraceBehavior [ RunTime:0.000660s ]
INFO: [ app_end ] --END-- [ RunTime:0.000698s ]

[ 2017-12-21T09:46:02+08:00 ] ::1 /game/index.php/Home/Prize/eidtThing
INFO: [ app_begin ] --START--
INFO: Run Behavior\ReadHtmlCacheBehavior [ RunTime:0.000498s ]
INFO: [ app_begin ] --END-- [ RunTime:0.000795s ]
SQL: SHOW COLUMNS FROM `admin` [ RunTime:0.0127s ]
SQL: UPDATE `admin` SET `state`='9',`spoil`='现金大奖',`number`='15989507255' WHERE `number` = '15989507255' [ RunTime:0.1984s ]

[ 2017-12-21T09:46:09+08:00 ] ::1 /game/index.php/Home/Prize/panpel
INFO: [ app_begin ] --START--
INFO: Run Behavior\ReadHtmlCacheBehavior [ RunTime:0.000463s ]
INFO: [ app_begin ] --END-- [ RunTime:0.000739s ]
SQL: SHOW COLUMNS FROM `admin` [ RunTime:0.0171s ]
SQL: SELECT * FROM `admin` WHERE `state` = 0  [ RunTime:0.0011s ]
SQL: SELECT * FROM `admin` WHERE `state` > 0  [ RunTime:0.0003s ]
SQL: SELECT * FROM `admin` WHERE `tab` = 1  [ RunTime:0.0004s ]
SQL: SHOW COLUMNS FROM `prize` [ RunTime:0.0097s ]
SQL: SELECT * FROM `prize`  [ RunTime:0.0003s ]
SQL: UPDATE `admin` SET `state`='0',`spoil`=NULL WHERE `state` > 0 [ RunTime:0.0766s ]
INFO: [ view_parse ] --START--
INFO: [ template_filter ] --START--
INFO: Run Behavior\ContentReplaceBehavior [ RunTime:0.000129s ]
INFO: [ template_filter ] --END-- [ RunTime:0.000160s ]
INFO: Run Behavior\ParseTemplateBehavior [ RunTime:0.007364s ]
INFO: [ view_parse ] --END-- [ RunTime:0.007402s ]
INFO: [ view_filter ] --START--
INFO: Run Behavior\WriteHtmlCacheBehavior [ RunTime:0.000278s ]
INFO: Run Behavior\TokenBuildBehavior [ RunTime:0.003822s ]
INFO: [ view_filter ] --END-- [ RunTime:0.004152s ]
INFO: [ app_end ] --START--
INFO: Run Behavior\ShowPageTraceBehavior [ RunTime:0.000552s ]
INFO: [ app_end ] --END-- [ RunTime:0.000577s ]

[ 2017-12-21T09:46:19+08:00 ] ::1 /game/index.php/Home/Prize/eidtThing
INFO: [ app_begin ] --START--
INFO: Run Behavior\ReadHtmlCacheBehavior [ RunTime:0.000563s ]
INFO: [ app_begin ] --END-- [ RunTime:0.000853s ]
SQL: SHOW COLUMNS FROM `admin` [ RunTime:0.0160s ]
SQL: UPDATE `admin` SET `state`='9',`spoil`='现金大奖',`number`='15002058661' WHERE `number` = '15002058661' [ RunTime:0.0448s ]

[ 2017-12-21T09:46:27+08:00 ] ::1 /game/index.php/Home/Prize/panpel
INFO: [ app_begin ] --START--
INFO: Run Behavior\ReadHtmlCacheBehavior [ RunTime:0.000439s ]
INFO: [ app_begin ] --END-- [ RunTime:0.000667s ]
SQL: SHOW COLUMNS FROM `admin` [ RunTime:0.0137s ]
SQL: SELECT * FROM `admin` WHERE `state` = 0  [ RunTime:0.0011s ]
SQL: SELECT * FROM `admin` WHERE `state` > 0  [ RunTime:0.0003s ]
SQL: SELECT * FROM `admin` WHERE `tab` = 1  [ RunTime:0.0004s ]
SQL: SHOW COLUMNS FROM `prize` [ RunTime:0.0095s ]
SQL: SELECT * FROM `prize`  [ RunTime:0.0003s ]
SQL: UPDATE `admin` SET `state`='0',`spoil`=NULL WHERE `state` > 0 [ RunTime:0.0536s ]
INFO: [ view_parse ] --START--
INFO: [ template_filter ] --START--
INFO: Run Behavior\ContentReplaceBehavior [ RunTime:0.000128s ]
INFO: [ template_filter ] --END-- [ RunTime:0.000159s ]
INFO: Run Behavior\ParseTemplateBehavior [ RunTime:0.045120s ]
INFO: [ view_parse ] --END-- [ RunTime:0.045160s ]
INFO: [ view_filter ] --START--
INFO: Run Behavior\WriteHtmlCacheBehavior [ RunTime:0.000295s ]
INFO: Run Behavior\TokenBuildBehavior [ RunTime:0.003766s ]
INFO: [ view_filter ] --END-- [ RunTime:0.004098s ]
INFO: [ app_end ] --START--
INFO: Run Behavior\ShowPageTraceBehavior [ RunTime:0.001380s ]
INFO: [ app_end ] --END-- [ RunTime:0.001417s ]

[ 2017-12-21T09:46:30+08:00 ] ::1 /game/index.php/Home/Prize/eidtThing
INFO: [ app_begin ] --START--
INFO: Run Behavior\ReadHtmlCacheBehavior [ RunTime:0.000392s ]
INFO: [ app_begin ] --END-- [ RunTime:0.000664s ]
SQL: SHOW COLUMNS FROM `admin` [ RunTime:0.0138s ]
SQL: UPDATE `admin` SET `state`='9',`spoil`='现金大奖',`number`='13424246836' WHERE `number` = '13424246836' [ RunTime:0.1698s ]

[ 2017-12-21T09:46:40+08:00 ] ::1 /game/index.php/Home/Prize/panpel
INFO: [ app_begin ] --START--
INFO: Run Behavior\ReadHtmlCacheBehavior [ RunTime:0.000377s ]
INFO: [ app_begin ] --END-- [ RunTime:0.000645s ]
SQL: SHOW COLUMNS FROM `admin` [ RunTime:0.1167s ]
SQL: SELECT * FROM `admin` WHERE `state` = 0  [ RunTime:0.0013s ]
SQL: SELECT * FROM `admin` WHERE `state` > 0  [ RunTime:0.0003s ]
SQL: SELECT * FROM `admin` WHERE `tab` = 1  [ RunTime:0.0004s ]
SQL: SHOW COLUMNS FROM `prize` [ RunTime:0.0105s ]
SQL: SELECT * FROM `prize`  [ RunTime:0.0003s ]
SQL: UPDATE `admin` SET `state`='0',`spoil`=NULL WHERE `state` > 0 [ RunTime:0.0940s ]
INFO: [ view_parse ] --START--
INFO: [ template_filter ] --START--
INFO: Run Behavior\ContentReplaceBehavior [ RunTime:0.000177s ]
INFO: [ template_filter ] --END-- [ RunTime:0.000202s ]
INFO: Run Behavior\ParseTemplateBehavior [ RunTime:0.041449s ]
INFO: [ view_parse ] --END-- [ RunTime:0.041492s ]
INFO: [ view_filter ] --START--
INFO: Run Behavior\WriteHtmlCacheBehavior [ RunTime:0.000367s ]
INFO: Run Behavior\TokenBuildBehavior [ RunTime:0.003811s ]
INFO: [ view_filter ] --END-- [ RunTime:0.004224s ]
INFO: [ app_end ] --START--
INFO: Run Behavior\ShowPageTraceBehavior [ RunTime:0.000588s ]
INFO: [ app_end ] --END-- [ RunTime:0.000618s ]

[ 2017-12-21T09:46:45+08:00 ] ::1 /game/index.php/Home/Prize/eidtThing
INFO: [ app_begin ] --START--
INFO: Run Behavior\ReadHtmlCacheBehavior [ RunTime:0.000418s ]
INFO: [ app_begin ] --END-- [ RunTime:0.000742s ]
SQL: SHOW COLUMNS FROM `admin` [ RunTime:0.0130s ]
SQL: UPDATE `admin` SET `state`='9',`spoil`='现金大奖',`number`='13823502571' WHERE `number` = '13823502571' [ RunTime:0.0561s ]

[ 2017-12-21T09:46:59+08:00 ] ::1 /game/index.php/Home/Prize/panpel
INFO: [ app_begin ] --START--
INFO: Run Behavior\ReadHtmlCacheBehavior [ RunTime:0.000355s ]
INFO: [ app_begin ] --END-- [ RunTime:0.000604s ]
SQL: SHOW COLUMNS FROM `admin` [ RunTime:0.0136s ]
SQL: SELECT * FROM `admin` WHERE `state` = 0  [ RunTime:0.0012s ]
SQL: SELECT * FROM `admin` WHERE `state` > 0  [ RunTime:0.0003s ]
SQL: SELECT * FROM `admin` WHERE `tab` = 1  [ RunTime:0.0005s ]
SQL: SHOW COLUMNS FROM `prize` [ RunTime:0.0095s ]
SQL: SELECT * FROM `prize`  [ RunTime:0.0003s ]
SQL: UPDATE `admin` SET `state`='0',`spoil`=NULL WHERE `state` > 0 [ RunTime:0.0812s ]
INFO: [ view_parse ] --START--
INFO: [ template_filter ] --START--
INFO: Run Behavior\ContentReplaceBehavior [ RunTime:0.000115s ]
INFO: [ template_filter ] --END-- [ RunTime:0.000145s ]
INFO: Run Behavior\ParseTemplateBehavior [ RunTime:0.025539s ]
INFO: [ view_parse ] --END-- [ RunTime:0.025584s ]
INFO: [ view_filter ] --START--
INFO: Run Behavior\WriteHtmlCacheBehavior [ RunTime:0.000263s ]
INFO: Run Behavior\TokenBuildBehavior [ RunTime:0.003799s ]
INFO: [ view_filter ] --END-- [ RunTime:0.004100s ]
INFO: [ app_end ] --START--
INFO: Run Behavior\ShowPageTraceBehavior [ RunTime:0.000557s ]
INFO: [ app_end ] --END-- [ RunTime:0.000588s ]

[ 2017-12-21T09:47:01+08:00 ] ::1 /game/index.php/Home/Prize/eidtThing
INFO: [ app_begin ] --START--
INFO: Run Behavior\ReadHtmlCacheBehavior [ RunTime:0.000369s ]
INFO: [ app_begin ] --END-- [ RunTime:0.000619s ]
SQL: SHOW COLUMNS FROM `admin` [ RunTime:0.0131s ]
SQL: UPDATE `admin` SET `state`='9',`spoil`='现金大奖',`number`='15012818304' WHERE `number` = '15012818304' [ RunTime:0.0700s ]

[ 2017-12-21T09:47:04+08:00 ] ::1 /game/index.php/Home/Prize/panpel
INFO: [ app_begin ] --START--
INFO: Run Behavior\ReadHtmlCacheBehavior [ RunTime:0.000369s ]
INFO: [ app_begin ] --END-- [ RunTime:0.000623s ]
SQL: SHOW COLUMNS FROM `admin` [ RunTime:0.0155s ]
SQL: SELECT * FROM `admin` WHERE `state` = 0  [ RunTime:0.0012s ]
SQL: SELECT * FROM `admin` WHERE `state` > 0  [ RunTime:0.0004s ]
SQL: SELECT * FROM `admin` WHERE `tab` = 1  [ RunTime:0.0004s ]
SQL: SHOW COLUMNS FROM `prize` [ RunTime:0.0099s ]
SQL: SELECT * FROM `prize`  [ RunTime:0.0003s ]
SQL: UPDATE `admin` SET `state`='0',`spoil`=NULL WHERE `state` > 0 [ RunTime:0.0710s ]
INFO: [ view_parse ] --START--
INFO: [ template_filter ] --START--
INFO: Run Behavior\ContentReplaceBehavior [ RunTime:0.000154s ]
INFO: [ template_filter ] --END-- [ RunTime:0.000198s ]
INFO: Run Behavior\ParseTemplateBehavior [ RunTime:0.030983s ]
INFO: [ view_parse ] --END-- [ RunTime:0.031028s ]
INFO: [ view_filter ] --START--
INFO: Run Behavior\WriteHtmlCacheBehavior [ RunTime:0.000410s ]
INFO: Run Behavior\TokenBuildBehavior [ RunTime:0.003962s ]
INFO: [ view_filter ] --END-- [ RunTime:0.004409s ]
INFO: [ app_end ] --START--
INFO: Run Behavior\ShowPageTraceBehavior [ RunTime:0.000574s ]
INFO: [ app_end ] --END-- [ RunTime:0.000599s ]

[ 2017-12-21T09:47:21+08:00 ] ::1 /game/index.php/Home/Prize/eidtThing
INFO: [ app_begin ] --START--
INFO: Run Behavior\ReadHtmlCacheBehavior [ RunTime:0.000389s ]
INFO: [ app_begin ] --END-- [ RunTime:0.000658s ]
SQL: SHOW COLUMNS FROM `admin` [ RunTime:0.0138s ]
SQL: UPDATE `admin` SET `state`='9',`spoil`='现金大奖',`number`='15823517501' WHERE `number` = '15823517501' [ RunTime:0.0769s ]

[ 2017-12-21T09:47:24+08:00 ] ::1 /game/index.php/Home/Prize/panpel
INFO: [ app_begin ] --START--
INFO: Run Behavior\ReadHtmlCacheBehavior [ RunTime:0.000369s ]
INFO: [ app_begin ] --END-- [ RunTime:0.000633s ]
SQL: SHOW COLUMNS FROM `admin` [ RunTime:0.0134s ]
SQL: SELECT * FROM `admin` WHERE `state` = 0  [ RunTime:0.0012s ]
SQL: SELECT * FROM `admin` WHERE `state` > 0  [ RunTime:0.0003s ]
SQL: SELECT * FROM `admin` WHERE `tab` = 1  [ RunTime:0.0004s ]
SQL: SHOW COLUMNS FROM `prize` [ RunTime:0.0224s ]
SQL: SELECT * FROM `prize`  [ RunTime:0.0002s ]
SQL: UPDATE `admin` SET `state`='0',`spoil`=NULL WHERE `state` > 0 [ RunTime:0.0748s ]
INFO: [ view_parse ] --START--
INFO: [ template_filter ] --START--
INFO: Run Behavior\ContentReplaceBehavior [ RunTime:0.000127s ]
INFO: [ template_filter ] --END-- [ RunTime:0.000167s ]
INFO: Run Behavior\ParseTemplateBehavior [ RunTime:0.043809s ]
INFO: [ view_parse ] --END-- [ RunTime:0.043850s ]
INFO: [ view_filter ] --START--
INFO: Run Behavior\WriteHtmlCacheBehavior [ RunTime:0.000311s ]
INFO: Run Behavior\TokenBuildBehavior [ RunTime:0.003862s ]
INFO: [ view_filter ] --END-- [ RunTime:0.004221s ]
INFO: [ app_end ] --START--
INFO: Run Behavior\ShowPageTraceBehavior [ RunTime:0.000500s ]
INFO: [ app_end ] --END-- [ RunTime:0.000527s ]

[ 2017-12-21T09:47:33+08:00 ] ::1 /game/index.php/Home/Prize/eidtThing
INFO: [ app_begin ] --START--
INFO: Run Behavior\ReadHtmlCacheBehavior [ RunTime:0.000438s ]
INFO: [ app_begin ] --END-- [ RunTime:0.000691s ]
SQL: SHOW COLUMNS FROM `admin` [ RunTime:0.0136s ]
SQL: UPDATE `admin` SET `state`='9',`spoil`='现金大奖',`number`='15989458513' WHERE `number` = '15989458513' [ RunTime:0.0419s ]

[ 2017-12-21T10:00:42+08:00 ] ::1 /game/index.php/Home/Prize/panpel
INFO: [ app_begin ] --START--
INFO: Run Behavior\ReadHtmlCacheBehavior [ RunTime:0.000379s ]
INFO: [ app_begin ] --END-- [ RunTime:0.000677s ]
SQL: SHOW COLUMNS FROM `admin` [ RunTime:0.0131s ]
SQL: SELECT * FROM `admin` WHERE `state` = 0  [ RunTime:0.0011s ]
SQL: SELECT * FROM `admin` WHERE `state` > 0  [ RunTime:0.0002s ]
SQL: SELECT * FROM `admin` WHERE `tab` = 1  [ RunTime:0.0004s ]
SQL: SHOW COLUMNS FROM `prize` [ RunTime:0.0187s ]
SQL: SELECT * FROM `prize`  [ RunTime:0.0003s ]
SQL: UPDATE `admin` SET `state`='0',`spoil`=NULL WHERE `state` > 0 [ RunTime:0.0511s ]
INFO: [ view_parse ] --START--
INFO: [ template_filter ] --START--
INFO: Run Behavior\ContentReplaceBehavior [ RunTime:0.000118s ]
INFO: [ template_filter ] --END-- [ RunTime:0.000146s ]
INFO: Run Behavior\ParseTemplateBehavior [ RunTime:0.053677s ]
INFO: [ view_parse ] --END-- [ RunTime:0.053713s ]
INFO: [ view_filter ] --START--
INFO: Run Behavior\WriteHtmlCacheBehavior [ RunTime:0.000274s ]
INFO: Run Behavior\TokenBuildBehavior [ RunTime:0.004352s ]
INFO: [ view_filter ] --END-- [ RunTime:0.004678s ]
INFO: [ app_end ] --START--
INFO: Run Behavior\ShowPageTraceBehavior [ RunTime:0.000607s ]
INFO: [ app_end ] --END-- [ RunTime:0.000646s ]

[ 2017-12-21T11:46:15+08:00 ] ::1 /game/index.php/Home/Prize/panpel
INFO: [ app_begin ] --START--
INFO: Run Behavior\ReadHtmlCacheBehavior [ RunTime:0.000566s ]
INFO: [ app_begin ] --END-- [ RunTime:0.001081s ]
SQL: SHOW COLUMNS FROM `admin` [ RunTime:0.0148s ]
SQL: SELECT * FROM `admin` WHERE `state` = 0  [ RunTime:0.0011s ]
SQL: SELECT * FROM `admin` WHERE `state` > 0  [ RunTime:0.0003s ]
SQL: SELECT * FROM `admin` WHERE `tab` = 1  [ RunTime:0.0004s ]
SQL: SHOW COLUMNS FROM `prize` [ RunTime:0.1345s ]
SQL: SELECT * FROM `prize`  [ RunTime:0.0003s ]
SQL: UPDATE `admin` SET `state`='0',`spoil`=NULL WHERE `state` > 0 [ RunTime:0.0004s ]
INFO: [ view_parse ] --START--
INFO: [ template_filter ] --START--
INFO: Run Behavior\ContentReplaceBehavior [ RunTime:0.000130s ]
INFO: [ template_filter ] --END-- [ RunTime:0.000158s ]
INFO: Run Behavior\ParseTemplateBehavior [ RunTime:0.029660s ]
INFO: [ view_parse ] --END-- [ RunTime:0.029696s ]
INFO: [ view_filter ] --START--
INFO: Run Behavior\WriteHtmlCacheBehavior [ RunTime:0.000383s ]
INFO: Run Behavior\TokenBuildBehavior [ RunTime:0.003959s ]
INFO: [ view_filter ] --END-- [ RunTime:0.004382s ]
INFO: [ app_end ] --START--
INFO: Run Behavior\ShowPageTraceBehavior [ RunTime:0.000701s ]
INFO: [ app_end ] --END-- [ RunTime:0.000741s ]

[ 2017-12-21T17:39:24+08:00 ] ::1 /game/index.php/Home/Prize/eidtThing
INFO: [ app_begin ] --START--
INFO: Run Behavior\ReadHtmlCacheBehavior [ RunTime:0.000501s ]
INFO: [ app_begin ] --END-- [ RunTime:0.000911s ]
SQL: SHOW COLUMNS FROM `admin` [ RunTime:0.0048s ]
NOTIC: [8] Undefined index: number C:\web\Apache2.4\htdocs\game\Application\Home\Controller\PrizeController.class.php 第 43 行.
SQL: UPDATE `admin` SET `state`='10',`spoil`='现金大奖' WHERE `number` = null [ RunTime:0.0379s ]
ERR: 模板不存在:./Application/Home/View/Prize/eidtThing.html

[ 2017-12-21T17:43:22+08:00 ] ::1 /game/index.php/Home/Prize/eidtThing
INFO: [ app_begin ] --START--
INFO: Run Behavior\ReadHtmlCacheBehavior [ RunTime:0.000460s ]
INFO: [ app_begin ] --END-- [ RunTime:0.000844s ]
SQL: SHOW COLUMNS FROM `admin` [ RunTime:0.0042s ]
NOTIC: [8] Undefined index: number C:\web\Apache2.4\htdocs\game\Application\Home\Controller\PrizeController.class.php 第 43 行.
SQL: UPDATE `admin` SET `state`='10',`spoil`='现金大奖' WHERE `number` = null [ RunTime:0.0004s ]
ERR: 模板不存在:./Application/Home/View/Prize/eidtThing.html

[ 2017-12-21T17:45:15+08:00 ] ::1 /game/index.php/Home/Prize/eidtThing
INFO: [ app_begin ] --START--
INFO: Run Behavior\ReadHtmlCacheBehavior [ RunTime:0.000496s ]
INFO: [ app_begin ] --END-- [ RunTime:0.000907s ]
SQL: SHOW COLUMNS FROM `admin` [ RunTime:0.0042s ]
NOTIC: [8] Undefined index: number C:\web\Apache2.4\htdocs\game\Application\Home\Controller\PrizeController.class.php 第 43 行.
SQL: UPDATE `admin` SET `state`='10',`spoil`='现金大奖' WHERE `number` = null [ RunTime:0.0004s ]
ERR: 模板不存在:./Application/Home/View/Prize/eidtThing.html

[ 2017-12-21T17:52:09+08:00 ] ::1 /game/index.php/Home/Prize/eidtThing
INFO: [ app_begin ] --START--
INFO: Run Behavior\ReadHtmlCacheBehavior [ RunTime:0.000548s ]
INFO: [ app_begin ] --END-- [ RunTime:0.000948s ]
SQL: SHOW COLUMNS FROM `admin` [ RunTime:0.0039s ]
NOTIC: [8] Undefined index: number C:\web\Apache2.4\htdocs\game\Application\Home\Controller\PrizeController.class.php 第 43 行.
SQL: UPDATE `admin` SET `state`='10',`spoil`='现金大奖' WHERE `number` = null [ RunTime:0.0003s ]
ERR: 模板不存在:./Application/Home/View/Prize/eidtThing.html

[ 2017-12-21T17:56:31+08:00 ] ::1 /game/index.php/Home/Prize/eidtThing
INFO: [ app_begin ] --START--
INFO: Run Behavior\ReadHtmlCacheBehavior [ RunTime:0.000487s ]
INFO: [ app_begin ] --END-- [ RunTime:0.000920s ]
SQL: SHOW COLUMNS FROM `admin` [ RunTime:0.0050s ]
NOTIC: [8] Undefined index: number C:\web\Apache2.4\htdocs\game\Application\Home\Controller\PrizeController.class.php 第 43 行.
SQL: UPDATE `admin` SET `state`='22',`spoil`='小米笔记本' WHERE `number` = null [ RunTime:0.0004s ]
ERR: 模板不存在:./Application/Home/View/Prize/eidtThing.html

[ 2017-12-21T17:58:36+08:00 ] ::1 /game/index.php/Home/Prize/eidtThing
INFO: [ app_begin ] --START--
INFO: Run Behavior\ReadHtmlCacheBehavior [ RunTime:0.000580s ]
INFO: [ app_begin ] --END-- [ RunTime:0.001234s ]
SQL: SHOW COLUMNS FROM `admin` [ RunTime:0.0043s ]
SQL: UPDATE `admin` SET `name`='小米笔记本',`state`='22',`spoil`='小米笔记本' WHERE `name` = '小米笔记本' [ RunTime:0.0150s ]
ERR: 模板不存在:./Application/Home/View/Prize/eidtThing.html

[ 2017-12-21T17:59:24+08:00 ] ::1 /game/index.php/Home/Prize/eidtThing
INFO: [ app_begin ] --START--
INFO: Run Behavior\ReadHtmlCacheBehavior [ RunTime:0.000508s ]
INFO: [ app_begin ] --END-- [ RunTime:0.000897s ]
SQL: SHOW COLUMNS FROM `admin` [ RunTime:0.0049s ]
SQL: UPDATE `admin` SET `name`='小米笔记本',`state`='22',`spoil`='小米笔记本' WHERE `name` = '小米笔记本' [ RunTime:0.0003s ]
ERR: 模板不存在:./Application/Home/View/Prize/eidtThing.html

[ 2017-12-21T17:59:43+08:00 ] ::1 /game/index.php/Home/Prize/eidtThing
INFO: [ app_begin ] --START--
INFO: Run Behavior\ReadHtmlCacheBehavior [ RunTime:0.000819s ]
INFO: [ app_begin ] --END-- [ RunTime:0.001361s ]
SQL: SHOW COLUMNS FROM `admin` [ RunTime:0.0042s ]
SQL: UPDATE `admin` SET `name`='小米笔记本',`state`='22',`spoil`='小米笔记本' WHERE `name` = '小米笔记本' [ RunTime:0.0207s ]
ERR: 模板不存在:./Application/Home/View/Prize/eidtThing.html

[ 2017-12-21T17:59:47+08:00 ] ::1 /game/index.php/Home/Prize/eidtThing
INFO: [ app_begin ] --START--
INFO: Run Behavior\ReadHtmlCacheBehavior [ RunTime:0.000731s ]
INFO: [ app_begin ] --END-- [ RunTime:0.001294s ]
SQL: SHOW COLUMNS FROM `admin` [ RunTime:0.0042s ]
SQL: UPDATE `admin` SET `name`='现金大奖',`state`='10',`spoil`='现金大奖' WHERE `name` = '现金大奖' [ RunTime:0.0004s ]
ERR: 模板不存在:./Application/Home/View/Prize/eidtThing.html

[ 2017-12-21T18:00:54+08:00 ] ::1 /game/index.php/Home/Prize/eidtThing
INFO: [ app_begin ] --START--
INFO: Run Behavior\ReadHtmlCacheBehavior [ RunTime:0.000606s ]
INFO: [ app_begin ] --END-- [ RunTime:0.001175s ]
SQL: SHOW COLUMNS FROM `admin` [ RunTime:0.0046s ]
SQL: UPDATE `admin` SET `name`='现金大奖',`state`='10',`spoil`='现金大奖' WHERE `name` = '现金大奖' [ RunTime:0.0003s ]
ERR: 模板不存在:./Application/Home/View/Prize/eidtThing.html

[ 2017-12-21T18:21:55+08:00 ] ::1 /game/index.php/Home/Prize/eidtThing
INFO: [ app_begin ] --START--
INFO: Run Behavior\ReadHtmlCacheBehavior [ RunTime:0.000586s ]
INFO: [ app_begin ] --END-- [ RunTime:0.001007s ]
SQL: SHOW COLUMNS FROM `admin` [ RunTime:0.0276s ]
SQL: UPDATE `admin` SET `name`='小米笔记本',`state`='22',`spoil`='小米笔记本' WHERE `name` = '小米笔记本' [ RunTime:0.0005s ]
ERR: 模板不存在:./Application/Home/View/Prize/eidtThing.html

[ 2017-12-21T18:24:09+08:00 ] ::1 /game/index.php/Home/Prize/eidtThing
INFO: [ app_begin ] --START--
INFO: Run Behavior\ReadHtmlCacheBehavior [ RunTime:0.000517s ]
INFO: [ app_begin ] --END-- [ RunTime:0.000974s ]
SQL: SHOW COLUMNS FROM `admin` [ RunTime:0.0163s ]
SQL: UPDATE `admin` SET `name`='小米笔记本',`state`='22',`spoil`='小米笔记本' WHERE `name` = '小米笔记本' [ RunTime:0.0153s ]
ERR: 模板不存在:./Application/Home/View/Prize/eidtThing.html

[ 2017-12-21T18:25:57+08:00 ] ::1 /game/index.php/Home/Prize/eidtThing
INFO: [ app_begin ] --START--
INFO: Run Behavior\ReadHtmlCacheBehavior [ RunTime:0.000540s ]
INFO: [ app_begin ] --END-- [ RunTime:0.000930s ]
SQL: SHOW COLUMNS FROM `admin` [ RunTime:0.0058s ]
SQL: UPDATE `admin` SET `name`='杨梦辉',`state`='10',`spoil`='现金大奖' WHERE `name` = '杨梦辉' [ RunTime:0.2350s ]

[ 2017-12-21T18:26:07+08:00 ] ::1 /game/index.php/Home/Prize/eidtThing
INFO: [ app_begin ] --START--
INFO: Run Behavior\ReadHtmlCacheBehavior [ RunTime:0.000599s ]
INFO: [ app_begin ] --END-- [ RunTime:0.001074s ]
SQL: SHOW COLUMNS FROM `admin` [ RunTime:0.0041s ]
SQL: UPDATE `admin` SET `name`='冯玲',`state`='22',`spoil`='小米笔记本' WHERE `name` = '冯玲' [ RunTime:0.0513s ]

[ 2017-12-21T18:29:35+08:00 ] ::1 /game/index.php/Home/Prize/panpel
INFO: [ app_begin ] --START--
INFO: Run Behavior\ReadHtmlCacheBehavior [ RunTime:0.000456s ]
INFO: [ app_begin ] --END-- [ RunTime:0.000835s ]
SQL: SHOW COLUMNS FROM `admin` [ RunTime:0.0042s ]
SQL: SELECT * FROM `admin` WHERE `state` = 0  [ RunTime:0.0011s ]
SQL: SELECT * FROM `admin` WHERE `state` > 0  [ RunTime:0.0003s ]
SQL: SELECT * FROM `admin` WHERE `tab` = 1  [ RunTime:0.0005s ]
SQL: SHOW COLUMNS FROM `prize` [ RunTime:0.0041s ]
SQL: SELECT * FROM `prize`  [ RunTime:0.0003s ]
SQL: UPDATE `admin` SET `state`='0',`spoil`=NULL WHERE `state` > 0 [ RunTime:0.0990s ]
INFO: [ view_parse ] --START--
INFO: [ template_filter ] --START--
INFO: Run Behavior\ContentReplaceBehavior [ RunTime:0.000135s ]
INFO: [ template_filter ] --END-- [ RunTime:0.000175s ]
INFO: Run Behavior\ParseTemplateBehavior [ RunTime:0.007460s ]
INFO: [ view_parse ] --END-- [ RunTime:0.007492s ]
INFO: [ view_filter ] --START--
INFO: Run Behavior\WriteHtmlCacheBehavior [ RunTime:0.000383s ]
INFO: Run Behavior\TokenBuildBehavior [ RunTime:0.003869s ]
INFO: [ view_filter ] --END-- [ RunTime:0.004285s ]
INFO: [ app_end ] --START--
INFO: Run Behavior\ShowPageTraceBehavior [ RunTime:0.000623s ]
INFO: [ app_end ] --END-- [ RunTime:0.000647s ]

[ 2017-12-21T18:29:36+08:00 ] ::1 /game/index.php/Home/Prize/panpel
INFO: [ app_begin ] --START--
INFO: Run Behavior\ReadHtmlCacheBehavior [ RunTime:0.000474s ]
INFO: [ app_begin ] --END-- [ RunTime:0.000826s ]
SQL: SHOW COLUMNS FROM `admin` [ RunTime:0.0043s ]
SQL: SELECT * FROM `admin` WHERE `state` = 0  [ RunTime:0.0012s ]
SQL: SELECT * FROM `admin` WHERE `state` > 0  [ RunTime:0.0003s ]
SQL: SELECT * FROM `admin` WHERE `tab` = 1  [ RunTime:0.0005s ]
SQL: SHOW COLUMNS FROM `prize` [ RunTime:0.0042s ]
SQL: SELECT * FROM `prize`  [ RunTime:0.0002s ]
SQL: UPDATE `admin` SET `state`='0',`spoil`=NULL WHERE `state` > 0 [ RunTime:0.0003s ]
INFO: [ view_parse ] --START--
INFO: [ template_filter ] --START--
INFO: Run Behavior\ContentReplaceBehavior [ RunTime:0.000123s ]
INFO: [ template_filter ] --END-- [ RunTime:0.000149s ]
INFO: Run Behavior\ParseTemplateBehavior [ RunTime:0.039932s ]
INFO: [ view_parse ] --END-- [ RunTime:0.039969s ]
INFO: [ view_filter ] --START--
INFO: Run Behavior\WriteHtmlCacheBehavior [ RunTime:0.000448s ]
INFO: Run Behavior\TokenBuildBehavior [ RunTime:0.004062s ]
INFO: [ view_filter ] --END-- [ RunTime:0.004548s ]
INFO: [ app_end ] --START--
INFO: Run Behavior\ShowPageTraceBehavior [ RunTime:0.000558s ]
INFO: [ app_end ] --END-- [ RunTime:0.000588s ]

[ 2017-12-21T18:29:44+08:00 ] ::1 /game/index.php/Home/Prize/eidtThing
INFO: [ app_begin ] --START--
INFO: Run Behavior\ReadHtmlCacheBehavior [ RunTime:0.000577s ]
INFO: [ app_begin ] --END-- [ RunTime:0.000948s ]
SQL: SHOW COLUMNS FROM `admin` [ RunTime:0.0043s ]
SQL: UPDATE `admin` SET `name`='张菊',`state`='22',`spoil`='小米笔记本' WHERE `name` = '张菊' [ RunTime:0.0599s ]

[ 2017-12-21T18:29:44+08:00 ] ::1 /game/index.php/Home/Prize/eidtThing
INFO: [ app_begin ] --START--
INFO: Run Behavior\ReadHtmlCacheBehavior [ RunTime:0.000714s ]
INFO: [ app_begin ] --END-- [ RunTime:0.001137s ]
SQL: SHOW COLUMNS FROM `admin` [ RunTime:0.0043s ]
SQL: UPDATE `admin` SET `name`='鲜梅',`state`='22',`spoil`='小米笔记本' WHERE `name` = '鲜梅' [ RunTime:0.0699s ]

