[ 2018-01-17T09:59:21+08:00 ] 163.177.90.152 /nianhui/index/mob
INFO: [ app_init ] --START--
INFO: Run Behavior\BuildLiteBehavior [ RunTime:0.000016s ]
INFO: [ app_init ] --END-- [ RunTime:0.000736s ]
INFO: [ app_begin ] --START--
INFO: Run Behavior\ReadHtmlCacheBehavior [ RunTime:0.004601s ]
INFO: [ app_begin ] --END-- [ RunTime:0.004641s ]
NOTIC: [2048] Declaration of Home\Controller\IndexController::show() should be compatible with Think\Controller::show($content, $charset = '', $contentType = '', $prefix = '') /home/opticres/domains/opticres.com/public_html/nianhui/Application/Home/Controller/IndexController.class.php 第 0 行.
SQL: SHOW COLUMNS FROM `admin` [ RunTime:0.0014s ]
SQL: SELECT * FROM `admin` WHERE `state` = 0  [ RunTime:0.0014s ]
NOTIC: [2048] Only variables should be passed by reference /home/opticres/domains/opticres.com/public_html/nianhui/Application/Home/Controller/IndexController.class.php 第 40 行.
NOTIC: [2] shuffle() expects parameter 1 to be array, boolean given /home/opticres/domains/opticres.com/public_html/nianhui/Application/Home/Controller/IndexController.class.php 第 40 行.
NOTIC: [2048] Only variables should be passed by reference /home/opticres/domains/opticres.com/public_html/nianhui/Application/Home/Controller/IndexController.class.php 第 40 行.
NOTIC: [2] shuffle() expects parameter 1 to be array, boolean given /home/opticres/domains/opticres.com/public_html/nianhui/Application/Home/Controller/IndexController.class.php 第 40 行.
SQL: SELECT * FROM `admin` WHERE `state` > 0  [ RunTime:0.0006s ]
SQL: SELECT * FROM `admin` WHERE `state` = 0 AND `tab` = 1  [ RunTime:0.0006s ]
NOTIC: [2048] Only variables should be passed by reference /home/opticres/domains/opticres.com/public_html/nianhui/Application/Home/Controller/IndexController.class.php 第 45 行.
NOTIC: [2] shuffle() expects parameter 1 to be array, boolean given /home/opticres/domains/opticres.com/public_html/nianhui/Application/Home/Controller/IndexController.class.php 第 45 行.
NOTIC: [2048] Only variables should be passed by reference /home/opticres/domains/opticres.com/public_html/nianhui/Application/Home/Controller/IndexController.class.php 第 45 行.
NOTIC: [2] shuffle() expects parameter 1 to be array, boolean given /home/opticres/domains/opticres.com/public_html/nianhui/Application/Home/Controller/IndexController.class.php 第 45 行.
SQL: SELECT * FROM `admin` WHERE `state` = 0 AND `tab` > 0  [ RunTime:0.0008s ]
NOTIC: [2048] Only variables should be passed by reference /home/opticres/domains/opticres.com/public_html/nianhui/Application/Home/Controller/IndexController.class.php 第 49 行.
NOTIC: [2] shuffle() expects parameter 1 to be array, boolean given /home/opticres/domains/opticres.com/public_html/nianhui/Application/Home/Controller/IndexController.class.php 第 49 行.
NOTIC: [2048] Only variables should be passed by reference /home/opticres/domains/opticres.com/public_html/nianhui/Application/Home/Controller/IndexController.class.php 第 49 行.
NOTIC: [2] shuffle() expects parameter 1 to be array, boolean given /home/opticres/domains/opticres.com/public_html/nianhui/Application/Home/Controller/IndexController.class.php 第 49 行.
SQL: SHOW COLUMNS FROM `prize` [ RunTime:0.0011s ]
SQL: SELECT * FROM `prize`  [ RunTime:0.0002s ]
INFO: [ view_parse ] --START--
INFO: [ template_filter ] --START--
INFO: Run Behavior\ContentReplaceBehavior [ RunTime:0.000100s ]
INFO: [ template_filter ] --END-- [ RunTime:0.000153s ]
INFO: Run Behavior\ParseTemplateBehavior [ RunTime:0.167683s ]
INFO: [ view_parse ] --END-- [ RunTime:0.167741s ]
INFO: [ view_filter ] --START--
INFO: Run Behavior\WriteHtmlCacheBehavior [ RunTime:0.013549s ]
INFO: Run Behavior\TokenBuildBehavior [ RunTime:0.002201s ]
INFO: [ view_filter ] --END-- [ RunTime:0.015812s ]
INFO: [ app_end ] --START--
INFO: Run Behavior\ShowPageTraceBehavior [ RunTime:0.001379s ]
INFO: [ app_end ] --END-- [ RunTime:0.001432s ]

[ 2018-01-17T18:14:17+08:00 ] 27.38.29.5 /nianhui/
INFO: [ app_init ] --START--
INFO: Run Behavior\BuildLiteBehavior [ RunTime:0.000016s ]
INFO: [ app_init ] --END-- [ RunTime:0.000618s ]
INFO: [ app_begin ] --START--
INFO: Run Behavior\ReadHtmlCacheBehavior [ RunTime:0.000810s ]
INFO: [ app_begin ] --END-- [ RunTime:0.000856s ]
NOTIC: [2048] Declaration of Home\Controller\IndexController::show() should be compatible with Think\Controller::show($content, $charset = '', $contentType = '', $prefix = '') /home/opticres/domains/opticres.com/public_html/nianhui/Application/Home/Controller/IndexController.class.php 第 0 行.
SQL: SHOW COLUMNS FROM `admin` [ RunTime:0.0014s ]
SQL: SELECT * FROM `admin` WHERE `state` = 0  [ RunTime:0.0013s ]
NOTIC: [2048] Only variables should be passed by reference /home/opticres/domains/opticres.com/public_html/nianhui/Application/Home/Controller/IndexController.class.php 第 17 行.
NOTIC: [2] shuffle() expects parameter 1 to be array, boolean given /home/opticres/domains/opticres.com/public_html/nianhui/Application/Home/Controller/IndexController.class.php 第 17 行.
NOTIC: [2048] Only variables should be passed by reference /home/opticres/domains/opticres.com/public_html/nianhui/Application/Home/Controller/IndexController.class.php 第 17 行.
NOTIC: [2] shuffle() expects parameter 1 to be array, boolean given /home/opticres/domains/opticres.com/public_html/nianhui/Application/Home/Controller/IndexController.class.php 第 17 行.
SQL: SELECT * FROM `admin` WHERE `state` > 0  [ RunTime:0.0006s ]
SQL: SELECT * FROM `admin` WHERE `state` = 0 AND `tab` = 1  [ RunTime:0.0006s ]
NOTIC: [2048] Only variables should be passed by reference /home/opticres/domains/opticres.com/public_html/nianhui/Application/Home/Controller/IndexController.class.php 第 22 行.
NOTIC: [2] shuffle() expects parameter 1 to be array, boolean given /home/opticres/domains/opticres.com/public_html/nianhui/Application/Home/Controller/IndexController.class.php 第 22 行.
NOTIC: [2048] Only variables should be passed by reference /home/opticres/domains/opticres.com/public_html/nianhui/Application/Home/Controller/IndexController.class.php 第 22 行.
NOTIC: [2] shuffle() expects parameter 1 to be array, boolean given /home/opticres/domains/opticres.com/public_html/nianhui/Application/Home/Controller/IndexController.class.php 第 22 行.
SQL: SELECT * FROM `admin` WHERE `state` = 0 AND `tab` > 0  [ RunTime:0.0007s ]
NOTIC: [2048] Only variables should be passed by reference /home/opticres/domains/opticres.com/public_html/nianhui/Application/Home/Controller/IndexController.class.php 第 26 行.
NOTIC: [2] shuffle() expects parameter 1 to be array, boolean given /home/opticres/domains/opticres.com/public_html/nianhui/Application/Home/Controller/IndexController.class.php 第 26 行.
NOTIC: [2048] Only variables should be passed by reference /home/opticres/domains/opticres.com/public_html/nianhui/Application/Home/Controller/IndexController.class.php 第 26 行.
NOTIC: [2] shuffle() expects parameter 1 to be array, boolean given /home/opticres/domains/opticres.com/public_html/nianhui/Application/Home/Controller/IndexController.class.php 第 26 行.
SQL: SHOW COLUMNS FROM `prize` [ RunTime:0.0007s ]
SQL: SELECT * FROM `prize`  [ RunTime:0.0003s ]
INFO: [ view_parse ] --START--
INFO: [ template_filter ] --START--
INFO: Run Behavior\ContentReplaceBehavior [ RunTime:0.000139s ]
INFO: [ template_filter ] --END-- [ RunTime:0.000214s ]
INFO: Run Behavior\ParseTemplateBehavior [ RunTime:0.045317s ]
INFO: [ view_parse ] --END-- [ RunTime:0.045382s ]
INFO: [ view_filter ] --START--
INFO: Run Behavior\WriteHtmlCacheBehavior [ RunTime:0.000614s ]
INFO: Run Behavior\TokenBuildBehavior [ RunTime:0.001594s ]
INFO: [ view_filter ] --END-- [ RunTime:0.002290s ]
INFO: [ app_end ] --START--
INFO: Run Behavior\ShowPageTraceBehavior [ RunTime:0.000871s ]
INFO: [ app_end ] --END-- [ RunTime:0.000925s ]

[ 2018-01-17T18:14:47+08:00 ] 106.120.161.66 /nianhui/
INFO: [ app_init ] --START--
INFO: Run Behavior\BuildLiteBehavior [ RunTime:0.000011s ]
INFO: [ app_init ] --END-- [ RunTime:0.000537s ]
INFO: [ app_begin ] --START--
INFO: Run Behavior\ReadHtmlCacheBehavior [ RunTime:0.000729s ]
INFO: [ app_begin ] --END-- [ RunTime:0.000766s ]
NOTIC: [2048] Declaration of Home\Controller\IndexController::show() should be compatible with Think\Controller::show($content, $charset = '', $contentType = '', $prefix = '') /home/opticres/domains/opticres.com/public_html/nianhui/Application/Home/Controller/IndexController.class.php 第 0 行.
SQL: SHOW COLUMNS FROM `admin` [ RunTime:0.0014s ]
SQL: SELECT * FROM `admin` WHERE `state` = 0  [ RunTime:0.0006s ]
NOTIC: [2048] Only variables should be passed by reference /home/opticres/domains/opticres.com/public_html/nianhui/Application/Home/Controller/IndexController.class.php 第 17 行.
NOTIC: [2] shuffle() expects parameter 1 to be array, boolean given /home/opticres/domains/opticres.com/public_html/nianhui/Application/Home/Controller/IndexController.class.php 第 17 行.
NOTIC: [2048] Only variables should be passed by reference /home/opticres/domains/opticres.com/public_html/nianhui/Application/Home/Controller/IndexController.class.php 第 17 行.
NOTIC: [2] shuffle() expects parameter 1 to be array, boolean given /home/opticres/domains/opticres.com/public_html/nianhui/Application/Home/Controller/IndexController.class.php 第 17 行.
SQL: SELECT * FROM `admin` WHERE `state` > 0  [ RunTime:0.0002s ]
SQL: SELECT * FROM `admin` WHERE `state` = 0 AND `tab` = 1  [ RunTime:0.0002s ]
NOTIC: [2048] Only variables should be passed by reference /home/opticres/domains/opticres.com/public_html/nianhui/Application/Home/Controller/IndexController.class.php 第 22 行.
NOTIC: [2] shuffle() expects parameter 1 to be array, boolean given /home/opticres/domains/opticres.com/public_html/nianhui/Application/Home/Controller/IndexController.class.php 第 22 行.
NOTIC: [2048] Only variables should be passed by reference /home/opticres/domains/opticres.com/public_html/nianhui/Application/Home/Controller/IndexController.class.php 第 22 行.
NOTIC: [2] shuffle() expects parameter 1 to be array, boolean given /home/opticres/domains/opticres.com/public_html/nianhui/Application/Home/Controller/IndexController.class.php 第 22 行.
SQL: SELECT * FROM `admin` WHERE `state` = 0 AND `tab` > 0  [ RunTime:0.0003s ]
NOTIC: [2048] Only variables should be passed by reference /home/opticres/domains/opticres.com/public_html/nianhui/Application/Home/Controller/IndexController.class.php 第 26 行.
NOTIC: [2] shuffle() expects parameter 1 to be array, boolean given /home/opticres/domains/opticres.com/public_html/nianhui/Application/Home/Controller/IndexController.class.php 第 26 行.
NOTIC: [2048] Only variables should be passed by reference /home/opticres/domains/opticres.com/public_html/nianhui/Application/Home/Controller/IndexController.class.php 第 26 行.
NOTIC: [2] shuffle() expects parameter 1 to be array, boolean given /home/opticres/domains/opticres.com/public_html/nianhui/Application/Home/Controller/IndexController.class.php 第 26 行.
SQL: SHOW COLUMNS FROM `prize` [ RunTime:0.0007s ]
SQL: SELECT * FROM `prize`  [ RunTime:0.0001s ]
INFO: [ view_parse ] --START--
INFO: [ template_filter ] --START--
INFO: Run Behavior\ContentReplaceBehavior [ RunTime:0.000111s ]
INFO: [ template_filter ] --END-- [ RunTime:0.000171s ]
INFO: Run Behavior\ParseTemplateBehavior [ RunTime:0.018802s ]
INFO: [ view_parse ] --END-- [ RunTime:0.018849s ]
INFO: [ view_filter ] --START--
INFO: Run Behavior\WriteHtmlCacheBehavior [ RunTime:0.000462s ]
INFO: Run Behavior\TokenBuildBehavior [ RunTime:0.001122s ]
INFO: [ view_filter ] --END-- [ RunTime:0.001647s ]
INFO: [ app_end ] --START--
INFO: Run Behavior\ShowPageTraceBehavior [ RunTime:0.001307s ]
INFO: [ app_end ] --END-- [ RunTime:0.001363s ]

[ 2018-01-17T18:15:02+08:00 ] 101.199.108.52 /nianhui/
INFO: [ app_init ] --START--
INFO: Run Behavior\BuildLiteBehavior [ RunTime:0.000015s ]
INFO: [ app_init ] --END-- [ RunTime:0.000595s ]
INFO: [ app_begin ] --START--
INFO: Run Behavior\ReadHtmlCacheBehavior [ RunTime:0.000791s ]
INFO: [ app_begin ] --END-- [ RunTime:0.000837s ]
NOTIC: [2048] Declaration of Home\Controller\IndexController::show() should be compatible with Think\Controller::show($content, $charset = '', $contentType = '', $prefix = '') /home/opticres/domains/opticres.com/public_html/nianhui/Application/Home/Controller/IndexController.class.php 第 0 行.
SQL: SHOW COLUMNS FROM `admin` [ RunTime:0.0013s ]
SQL: SELECT * FROM `admin` WHERE `state` = 0  [ RunTime:0.0004s ]
NOTIC: [2048] Only variables should be passed by reference /home/opticres/domains/opticres.com/public_html/nianhui/Application/Home/Controller/IndexController.class.php 第 17 行.
NOTIC: [2] shuffle() expects parameter 1 to be array, boolean given /home/opticres/domains/opticres.com/public_html/nianhui/Application/Home/Controller/IndexController.class.php 第 17 行.
NOTIC: [2048] Only variables should be passed by reference /home/opticres/domains/opticres.com/public_html/nianhui/Application/Home/Controller/IndexController.class.php 第 17 行.
NOTIC: [2] shuffle() expects parameter 1 to be array, boolean given /home/opticres/domains/opticres.com/public_html/nianhui/Application/Home/Controller/IndexController.class.php 第 17 行.
SQL: SELECT * FROM `admin` WHERE `state` > 0  [ RunTime:0.0002s ]
SQL: SELECT * FROM `admin` WHERE `state` = 0 AND `tab` = 1  [ RunTime:0.0002s ]
NOTIC: [2048] Only variables should be passed by reference /home/opticres/domains/opticres.com/public_html/nianhui/Application/Home/Controller/IndexController.class.php 第 22 行.
NOTIC: [2] shuffle() expects parameter 1 to be array, boolean given /home/opticres/domains/opticres.com/public_html/nianhui/Application/Home/Controller/IndexController.class.php 第 22 行.
NOTIC: [2048] Only variables should be passed by reference /home/opticres/domains/opticres.com/public_html/nianhui/Application/Home/Controller/IndexController.class.php 第 22 行.
NOTIC: [2] shuffle() expects parameter 1 to be array, boolean given /home/opticres/domains/opticres.com/public_html/nianhui/Application/Home/Controller/IndexController.class.php 第 22 行.
SQL: SELECT * FROM `admin` WHERE `state` = 0 AND `tab` > 0  [ RunTime:0.0002s ]
NOTIC: [2048] Only variables should be passed by reference /home/opticres/domains/opticres.com/public_html/nianhui/Application/Home/Controller/IndexController.class.php 第 26 行.
NOTIC: [2] shuffle() expects parameter 1 to be array, boolean given /home/opticres/domains/opticres.com/public_html/nianhui/Application/Home/Controller/IndexController.class.php 第 26 行.
NOTIC: [2048] Only variables should be passed by reference /home/opticres/domains/opticres.com/public_html/nianhui/Application/Home/Controller/IndexController.class.php 第 26 行.
NOTIC: [2] shuffle() expects parameter 1 to be array, boolean given /home/opticres/domains/opticres.com/public_html/nianhui/Application/Home/Controller/IndexController.class.php 第 26 行.
SQL: SHOW COLUMNS FROM `prize` [ RunTime:0.0011s ]
SQL: SELECT * FROM `prize`  [ RunTime:0.0001s ]
INFO: [ view_parse ] --START--
INFO: [ template_filter ] --START--
INFO: Run Behavior\ContentReplaceBehavior [ RunTime:0.000101s ]
INFO: [ template_filter ] --END-- [ RunTime:0.000159s ]
INFO: Run Behavior\ParseTemplateBehavior [ RunTime:0.019130s ]
INFO: [ view_parse ] --END-- [ RunTime:0.019190s ]
INFO: [ view_filter ] --START--
INFO: Run Behavior\WriteHtmlCacheBehavior [ RunTime:0.000468s ]
INFO: Run Behavior\TokenBuildBehavior [ RunTime:0.001249s ]
INFO: [ view_filter ] --END-- [ RunTime:0.001785s ]
INFO: [ app_end ] --START--
INFO: Run Behavior\ShowPageTraceBehavior [ RunTime:0.000993s ]
INFO: [ app_end ] --END-- [ RunTime:0.001050s ]

