[ 2017-12-04T15:37:23+08:00 ] ::1 /ecfiber/index.php/Admin/Login/getVerify.html
ERR: 非法操作:getVerify

[ 2017-12-04T15:39:20+08:00 ] ::1 /ecfiber/index.php/Admin/Login/getVerify.html
ERR: 非法操作:getVerify

[ 2017-12-04T15:39:20+08:00 ] ::1 /ecfiber/index.php/Admin/Login/getVerify.html
ERR: 非法操作:getVerify

[ 2017-12-04T15:40:00+08:00 ] ::1 /ecfiber/index.php/Admin/Login/getVerify.html
ERR: 非法操作:getVerify

[ 2017-12-04T15:40:00+08:00 ] ::1 /ecfiber/index.php/Admin/Login/getVerify.html
ERR: 非法操作:getVerify

[ 2017-12-04T15:40:22+08:00 ] ::1 /ecfiber/index.php/Admin/Login/getVerify.html
ERR: 非法操作:getVerify

[ 2017-12-04T15:40:22+08:00 ] ::1 /ecfiber/index.php/Admin/Login/getVerify.html
ERR: 非法操作:getVerify

[ 2017-12-04T15:40:47+08:00 ] ::1 /ecfiber/index.php/Admin/Login/getVerify.html
ERR: 非法操作:getVerify

[ 2017-12-04T15:40:47+08:00 ] ::1 /ecfiber/index.php/Admin/Login/getVerify.html
ERR: 非法操作:getVerify

[ 2017-12-04T15:41:52+08:00 ] ::1 /ecfiber/index.php/Admin/Login/getVerify.html
ERR: 非法操作:getVerify

[ 2017-12-04T15:41:52+08:00 ] ::1 /ecfiber/index.php/Admin/Login/getVerify.html
ERR: 非法操作:getVerify

[ 2017-12-04T15:45:20+08:00 ] ::1 /ecfiber/index.php/Admin/Login/getVerify.html
ERR: 非法操作:getVerify

[ 2017-12-04T15:45:20+08:00 ] ::1 /ecfiber/index.php/Admin/Login/getVerify.html
ERR: 非法操作:getVerify

[ 2017-12-04T15:45:38+08:00 ] ::1 /ecfiber/index.php/Admin/Login/getVerify.html
ERR: 非法操作:getVerify

[ 2017-12-04T15:45:55+08:00 ] ::1 /ecfiber/index.php/Admin/Login/getVerify.html
ERR: 非法操作:getVerify

[ 2017-12-04T15:45:55+08:00 ] ::1 /ecfiber/index.php/Admin/Login/getVerify.html
ERR: 非法操作:getVerify

[ 2017-12-04T15:46:55+08:00 ] ::1 /ecfiber/index.php/Admin/Login/getVerify.html
ERR: 非法操作:getVerify

[ 2017-12-04T15:46:55+08:00 ] ::1 /ecfiber/index.php/Admin/Login/getVerify.html
ERR: 非法操作:getVerify

[ 2017-12-04T15:47:12+08:00 ] ::1 /ecfiber/index.php/Admin/Login/getVerify.html
ERR: 非法操作:getVerify

[ 2017-12-04T15:47:12+08:00 ] ::1 /ecfiber/index.php/Admin/Login/getVerify.html
ERR: 非法操作:getVerify

[ 2017-12-04T15:48:11+08:00 ] ::1 /ecfiber/index.php/Admin/Login/getVerify.html
ERR: 非法操作:getVerify

[ 2017-12-04T15:48:11+08:00 ] ::1 /ecfiber/index.php/Admin/Login/getVerify.html
ERR: 非法操作:getVerify

[ 2017-12-04T15:48:22+08:00 ] ::1 /ecfiber/index.php/Admin/Login/getVerify.html
ERR: 非法操作:getVerify

[ 2017-12-04T15:48:23+08:00 ] ::1 /ecfiber/index.php/Admin/Login/getVerify.html
ERR: 非法操作:getVerify

[ 2017-12-04T15:48:35+08:00 ] ::1 /ecfiber/index.php/Admin/Login/getVerify.html
ERR: 非法操作:getVerify

[ 2017-12-04T15:48:35+08:00 ] ::1 /ecfiber/index.php/Admin/Login/getVerify.html
ERR: 非法操作:getVerify

[ 2017-12-04T15:50:49+08:00 ] ::1 /ecfiber/index.php/Admin/Login/getVerify.html
ERR: 非法操作:getVerify

[ 2017-12-04T15:50:49+08:00 ] ::1 /ecfiber/index.php/Admin/Login/getVerify.html
ERR: 非法操作:getVerify

[ 2017-12-04T15:51:23+08:00 ] ::1 /ecfiber/index.php/Admin/Login/getVerify.html
ERR: 非法操作:getVerify

[ 2017-12-04T15:51:24+08:00 ] ::1 /ecfiber/index.php/Admin/Login/getVerify.html
ERR: 非法操作:getVerify

[ 2017-12-04T15:51:53+08:00 ] ::1 /ecfiber/index.php/Admin/Login/getVerify.html
ERR: 非法操作:getVerify

[ 2017-12-04T15:51:54+08:00 ] ::1 /ecfiber/index.php/Admin/Login/getVerify.html
ERR: 非法操作:getVerify

[ 2017-12-04T15:52:46+08:00 ] ::1 /ecfiber/index.php/Admin/Login/getVerify.html
ERR: 非法操作:getVerify

[ 2017-12-04T15:52:46+08:00 ] ::1 /ecfiber/index.php/Admin/Login/getVerify.html
ERR: 非法操作:getVerify

[ 2017-12-04T15:52:52+08:00 ] ::1 /ecfiber/index.php/Admin/Login/getVerify.html
ERR: 非法操作:getVerify

[ 2017-12-04T15:52:52+08:00 ] ::1 /ecfiber/index.php/Admin/Login/getVerify.html
ERR: 非法操作:getVerify

[ 2017-12-04T15:53:09+08:00 ] ::1 /ecfiber/index.php/Admin/Login/getVerify.html
ERR: 非法操作:getVerify

[ 2017-12-04T15:53:09+08:00 ] ::1 /ecfiber/index.php/Admin/Login/getVerify.html
ERR: 非法操作:getVerify

[ 2017-12-04T15:53:18+08:00 ] ::1 /ecfiber/index.php/Admin/Login/getVerify.html
ERR: 非法操作:getVerify

[ 2017-12-04T15:53:18+08:00 ] ::1 /ecfiber/index.php/Admin/Login/getVerify.html
ERR: 非法操作:getVerify

[ 2017-12-04T15:53:37+08:00 ] ::1 /ecfiber/index.php/Admin/Login/getVerify.html
ERR: 非法操作:getVerify

[ 2017-12-04T15:53:37+08:00 ] ::1 /ecfiber/index.php/Admin/Login/getVerify.html
ERR: 非法操作:getVerify

[ 2017-12-04T15:54:00+08:00 ] ::1 /ecfiber/index.php/Admin/Login/getVerify.html
ERR: 非法操作:getVerify

[ 2017-12-04T15:54:00+08:00 ] ::1 /ecfiber/index.php/Admin/Login/getVerify.html
ERR: 非法操作:getVerify

[ 2017-12-04T15:55:03+08:00 ] ::1 /ecfiber/index.php/Admin/Login/getVerify.html
ERR: 非法操作:getVerify

[ 2017-12-04T15:55:03+08:00 ] ::1 /ecfiber/index.php/Admin/Login/getVerify.html
ERR: 非法操作:getVerify

[ 2017-12-04T15:55:12+08:00 ] ::1 /ecfiber/index.php/Admin/Login/getVerify.html
ERR: 非法操作:getVerify

[ 2017-12-04T15:55:12+08:00 ] ::1 /ecfiber/index.php/Admin/Login/getVerify.html
ERR: 非法操作:getVerify

[ 2017-12-04T15:55:21+08:00 ] ::1 /ecfiber/index.php/Admin/Login/getVerify.html
ERR: 非法操作:getVerify

[ 2017-12-04T15:56:43+08:00 ] ::1 /ecfiber/index.php/Admin/Login/getVerify.html
ERR: 非法操作:getVerify

[ 2017-12-04T15:56:43+08:00 ] ::1 /ecfiber/index.php/Admin/Login/getVerify.html
ERR: 非法操作:getVerify

[ 2017-12-04T15:57:08+08:00 ] ::1 /ecfiber/index.php/Admin/Login/getVerify.html
ERR: 非法操作:getVerify

[ 2017-12-04T15:57:08+08:00 ] ::1 /ecfiber/index.php/Admin/Login/getVerify.html
ERR: 非法操作:getVerify

[ 2017-12-04T15:57:24+08:00 ] ::1 /ecfiber/index.php/Admin/Login/getVerify.html
ERR: 非法操作:getVerify

[ 2017-12-04T15:57:24+08:00 ] ::1 /ecfiber/index.php/Admin/Login/getVerify.html
ERR: 非法操作:getVerify

[ 2017-12-04T15:57:43+08:00 ] ::1 /ecfiber/index.php/Admin/Login/getVerify.html
ERR: 非法操作:getVerify

[ 2017-12-04T15:57:43+08:00 ] ::1 /ecfiber/index.php/Admin/Login/getVerify.html
ERR: 非法操作:getVerify

[ 2017-12-04T16:21:57+08:00 ] ::1 /ecfiber/index.php/Admin/Index/index
ERR: Think\Model:getTime方法不存在！

[ 2017-12-04T16:23:43+08:00 ] ::1 /ecfiber/index.php/Admin/Index/index
ERR: Think\Model:getTime方法不存在！

[ 2017-12-04T16:28:23+08:00 ] ::1 /ecfiber/index.php/Admin/Index/index
ERR: Think\Model:getTime方法不存在！

[ 2017-12-04T16:30:28+08:00 ] ::1 /ecfiber/index.php/Admin/Index/index
ERR: 模板不存在:./Application/Admin/View/layout.html

[ 2017-12-04T16:32:54+08:00 ] ::1 /ecfiber/index.php/Admin/Index/css/app.v2.css
ERR: 非法操作:css

[ 2017-12-04T16:32:54+08:00 ] ::1 /ecfiber/index.php/Admin/Index/js/calendar/bootstrap_calendar.css
ERR: 非法操作:js

[ 2017-12-04T16:33:19+08:00 ] ::1 /ecfiber/index.php/Admin/Index/css/app.v2.css
ERR: 非法操作:css

[ 2017-12-04T16:33:19+08:00 ] ::1 /ecfiber/index.php/Admin/Index/js/calendar/bootstrap_calendar.css
ERR: 非法操作:js

[ 2017-12-04T16:33:19+08:00 ] ::1 /ecfiber/index.php/Admin/Index/js/app.v2.js
ERR: 非法操作:js

[ 2017-12-04T16:33:19+08:00 ] ::1 /ecfiber/index.php/Admin/Index/js/charts/flot/jquery.flot.tooltip.min.js
ERR: 非法操作:js

[ 2017-12-04T16:33:19+08:00 ] ::1 /ecfiber/index.php/Admin/Index/js/charts/easypiechart/jquery.easy-pie-chart.js
ERR: 非法操作:js

[ 2017-12-04T16:33:19+08:00 ] ::1 /ecfiber/index.php/Admin/Index/js/charts/flot/jquery.flot.min.js
ERR: 非法操作:js

[ 2017-12-04T16:33:19+08:00 ] ::1 /ecfiber/index.php/Admin/Index/js/charts/flot/jquery.flot.resize.js
ERR: 非法操作:js

[ 2017-12-04T16:33:19+08:00 ] ::1 /ecfiber/index.php/Admin/Index/js/charts/flot/jquery.flot.grow.js
ERR: 非法操作:js

[ 2017-12-04T16:33:19+08:00 ] ::1 /ecfiber/index.php/Admin/Index/js/charts/flot/demo.js
ERR: 非法操作:js

[ 2017-12-04T16:33:19+08:00 ] ::1 /ecfiber/index.php/Admin/Index/js/calendar/demo.js
ERR: 非法操作:js

[ 2017-12-04T16:33:19+08:00 ] ::1 /ecfiber/index.php/Admin/Index/js/sortable/jquery.sortable.js
ERR: 非法操作:js

[ 2017-12-04T16:33:19+08:00 ] ::1 /ecfiber/index.php/Admin/Index/js/charts/sparkline/jquery.sparkline.min.js
ERR: 非法操作:js

[ 2017-12-04T16:33:19+08:00 ] ::1 /ecfiber/index.php/Admin/Index/js/calendar/bootstrap_calendar.js
ERR: 非法操作:js

[ 2017-12-04T16:33:19+08:00 ] ::1 /ecfiber/index.php/Admin/Index/js/charts/flot/jquery.flot.min.js
ERR: 非法操作:js

[ 2017-12-04T16:33:19+08:00 ] ::1 /ecfiber/index.php/Admin/Index/js/charts/flot/jquery.flot.tooltip.min.js
ERR: 非法操作:js

[ 2017-12-04T16:33:19+08:00 ] ::1 /ecfiber/index.php/Admin/Index/js/charts/flot/jquery.flot.resize.js
ERR: 非法操作:js

[ 2017-12-04T16:33:19+08:00 ] ::1 /ecfiber/index.php/Admin/Index/js/charts/flot/jquery.flot.grow.js
ERR: 非法操作:js

[ 2017-12-04T16:33:19+08:00 ] ::1 /ecfiber/index.php/Admin/Index/js/charts/flot/demo.js
ERR: 非法操作:js

[ 2017-12-04T16:33:19+08:00 ] ::1 /ecfiber/index.php/Admin/Index/js/calendar/bootstrap_calendar.js
ERR: 非法操作:js

[ 2017-12-04T16:33:19+08:00 ] ::1 /ecfiber/index.php/Admin/Index/js/calendar/demo.js
ERR: 非法操作:js

[ 2017-12-04T16:33:19+08:00 ] ::1 /ecfiber/index.php/Admin/Index/js/sortable/jquery.sortable.js
ERR: 非法操作:js

[ 2017-12-04T16:37:26+08:00 ] ::1 /ecfiber/index.php/Admin/Index/js/app.v2.js
ERR: 非法操作:js

[ 2017-12-04T16:37:26+08:00 ] ::1 /ecfiber/index.php/Admin/Index/js/charts/flot/jquery.flot.tooltip.min.js
ERR: 非法操作:js

[ 2017-12-04T16:37:26+08:00 ] ::1 /ecfiber/index.php/Admin/Index/js/charts/sparkline/jquery.sparkline.min.js
ERR: 非法操作:js

[ 2017-12-04T16:37:26+08:00 ] ::1 /ecfiber/index.php/Admin/Index/js/charts/flot/jquery.flot.min.js
ERR: 非法操作:js

[ 2017-12-04T16:37:26+08:00 ] ::1 /ecfiber/index.php/Admin/Index/js/charts/flot/jquery.flot.resize.js
ERR: 非法操作:js

[ 2017-12-04T16:37:26+08:00 ] ::1 /ecfiber/index.php/Admin/Index/js/charts/flot/jquery.flot.grow.js
ERR: 非法操作:js

[ 2017-12-04T16:37:26+08:00 ] ::1 /ecfiber/index.php/Admin/Index/js/charts/flot/demo.js
ERR: 非法操作:js

[ 2017-12-04T16:37:26+08:00 ] ::1 /ecfiber/index.php/Admin/Index/js/calendar/bootstrap_calendar.js
ERR: 非法操作:js

[ 2017-12-04T16:37:26+08:00 ] ::1 /ecfiber/index.php/Admin/Index/js/calendar/demo.js
ERR: 非法操作:js

[ 2017-12-04T16:37:26+08:00 ] ::1 /ecfiber/index.php/Admin/Index/js/sortable/jquery.sortable.js
ERR: 非法操作:js

[ 2017-12-04T16:37:26+08:00 ] ::1 /ecfiber/index.php/Admin/Index/js/charts/easypiechart/jquery.easy-pie-chart.js
ERR: 非法操作:js

[ 2017-12-04T16:37:26+08:00 ] ::1 /ecfiber/index.php/Admin/Index/js/app.v2.js
ERR: 非法操作:js

[ 2017-12-04T16:37:27+08:00 ] ::1 /ecfiber/index.php/Admin/Index/js/charts/easypiechart/jquery.easy-pie-chart.js
ERR: 非法操作:js

[ 2017-12-04T16:37:27+08:00 ] ::1 /ecfiber/index.php/Admin/Index/js/charts/sparkline/jquery.sparkline.min.js
ERR: 非法操作:js

[ 2017-12-04T16:37:27+08:00 ] ::1 /ecfiber/index.php/Admin/Index/js/charts/flot/jquery.flot.min.js
ERR: 非法操作:js

[ 2017-12-04T16:37:27+08:00 ] ::1 /ecfiber/index.php/Admin/Index/js/charts/flot/jquery.flot.tooltip.min.js
ERR: 非法操作:js

[ 2017-12-04T16:37:27+08:00 ] ::1 /ecfiber/index.php/Admin/Index/js/charts/flot/jquery.flot.resize.js
ERR: 非法操作:js

[ 2017-12-04T16:37:27+08:00 ] ::1 /ecfiber/index.php/Admin/Index/js/charts/flot/jquery.flot.grow.js
ERR: 非法操作:js

[ 2017-12-04T16:37:27+08:00 ] ::1 /ecfiber/index.php/Admin/Index/js/charts/flot/demo.js
ERR: 非法操作:js

[ 2017-12-04T16:37:27+08:00 ] ::1 /ecfiber/index.php/Admin/Index/js/calendar/bootstrap_calendar.js
ERR: 非法操作:js

[ 2017-12-04T16:37:27+08:00 ] ::1 /ecfiber/index.php/Admin/Index/js/calendar/demo.js
ERR: 非法操作:js

[ 2017-12-04T16:37:27+08:00 ] ::1 /ecfiber/index.php/Admin/Index/js/sortable/jquery.sortable.js
ERR: 非法操作:js

[ 2017-12-04T16:37:31+08:00 ] ::1 /ecfiber/index.php/Admin/Index/js/charts/easypiechart/jquery.easy-pie-chart.js
ERR: 非法操作:js

[ 2017-12-04T16:37:31+08:00 ] ::1 /ecfiber/index.php/Admin/Index/js/app.v2.js
ERR: 非法操作:js

[ 2017-12-04T16:37:31+08:00 ] ::1 /ecfiber/index.php/Admin/Index/js/charts/flot/jquery.flot.tooltip.min.js
ERR: 非法操作:js

[ 2017-12-04T16:37:31+08:00 ] ::1 /ecfiber/index.php/Admin/Index/js/charts/sparkline/jquery.sparkline.min.js
ERR: 非法操作:js

[ 2017-12-04T16:37:31+08:00 ] ::1 /ecfiber/index.php/Admin/Index/js/charts/flot/jquery.flot.min.js
ERR: 非法操作:js

[ 2017-12-04T16:37:31+08:00 ] ::1 /ecfiber/index.php/Admin/Index/js/charts/flot/jquery.flot.resize.js
ERR: 非法操作:js

[ 2017-12-04T16:37:31+08:00 ] ::1 /ecfiber/index.php/Admin/Index/js/charts/flot/jquery.flot.grow.js
ERR: 非法操作:js

[ 2017-12-04T16:37:31+08:00 ] ::1 /ecfiber/index.php/Admin/Index/js/charts/flot/demo.js
ERR: 非法操作:js

[ 2017-12-04T16:37:31+08:00 ] ::1 /ecfiber/index.php/Admin/Index/js/calendar/bootstrap_calendar.js
ERR: 非法操作:js

[ 2017-12-04T16:37:31+08:00 ] ::1 /ecfiber/index.php/Admin/Index/js/calendar/demo.js
ERR: 非法操作:js

[ 2017-12-04T16:37:31+08:00 ] ::1 /ecfiber/index.php/Admin/Index/js/sortable/jquery.sortable.js
ERR: 非法操作:js

[ 2017-12-04T16:37:31+08:00 ] ::1 /ecfiber/index.php/Admin/Index/js/app.v2.js
ERR: 非法操作:js

[ 2017-12-04T16:37:31+08:00 ] ::1 /ecfiber/index.php/Admin/Index/js/charts/easypiechart/jquery.easy-pie-chart.js
ERR: 非法操作:js

[ 2017-12-04T16:37:31+08:00 ] ::1 /ecfiber/index.php/Admin/Index/js/charts/sparkline/jquery.sparkline.min.js
ERR: 非法操作:js

[ 2017-12-04T16:37:31+08:00 ] ::1 /ecfiber/index.php/Admin/Index/js/charts/flot/jquery.flot.min.js
ERR: 非法操作:js

[ 2017-12-04T16:37:31+08:00 ] ::1 /ecfiber/index.php/Admin/Index/js/charts/flot/jquery.flot.tooltip.min.js
ERR: 非法操作:js

[ 2017-12-04T16:37:31+08:00 ] ::1 /ecfiber/index.php/Admin/Index/js/charts/flot/jquery.flot.resize.js
ERR: 非法操作:js

[ 2017-12-04T16:37:31+08:00 ] ::1 /ecfiber/index.php/Admin/Index/js/charts/flot/jquery.flot.grow.js
ERR: 非法操作:js

[ 2017-12-04T16:37:31+08:00 ] ::1 /ecfiber/index.php/Admin/Index/js/charts/flot/demo.js
ERR: 非法操作:js

[ 2017-12-04T16:37:31+08:00 ] ::1 /ecfiber/index.php/Admin/Index/js/calendar/bootstrap_calendar.js
ERR: 非法操作:js

[ 2017-12-04T16:37:31+08:00 ] ::1 /ecfiber/index.php/Admin/Index/js/calendar/demo.js
ERR: 非法操作:js

[ 2017-12-04T16:37:31+08:00 ] ::1 /ecfiber/index.php/Admin/Index/js/sortable/jquery.sortable.js
ERR: 非法操作:js

[ 2017-12-04T16:39:33+08:00 ] ::1 /ecfiber/index.php/Admin/Index/js/app.v2.js
ERR: 非法操作:js

[ 2017-12-04T16:39:33+08:00 ] ::1 /ecfiber/index.php/Admin/Index/js/charts/flot/jquery.flot.resize.js
ERR: 非法操作:js

[ 2017-12-04T16:39:33+08:00 ] ::1 /ecfiber/index.php/Admin/Index/js/charts/flot/jquery.flot.grow.js
ERR: 非法操作:js

[ 2017-12-04T16:39:33+08:00 ] ::1 /ecfiber/index.php/Admin/Index/js/charts/flot/jquery.flot.min.js
ERR: 非法操作:js

[ 2017-12-04T16:39:33+08:00 ] ::1 /ecfiber/index.php/Admin/Index/js/charts/sparkline/jquery.sparkline.min.js
ERR: 非法操作:js

[ 2017-12-04T16:39:33+08:00 ] ::1 /ecfiber/index.php/Admin/Index/js/charts/flot/demo.js
ERR: 非法操作:js

[ 2017-12-04T16:39:33+08:00 ] ::1 /ecfiber/index.php/Admin/Index/js/calendar/bootstrap_calendar.js
ERR: 非法操作:js

[ 2017-12-04T16:39:33+08:00 ] ::1 /ecfiber/index.php/Admin/Index/js/calendar/demo.js
ERR: 非法操作:js

[ 2017-12-04T16:39:33+08:00 ] ::1 /ecfiber/index.php/Admin/Index/js/sortable/jquery.sortable.js
ERR: 非法操作:js

[ 2017-12-04T16:39:33+08:00 ] ::1 /ecfiber/index.php/Admin/Index/js/charts/easypiechart/jquery.easy-pie-chart.js
ERR: 非法操作:js

[ 2017-12-04T16:39:33+08:00 ] ::1 /ecfiber/index.php/Admin/Index/js/charts/flot/jquery.flot.tooltip.min.js
ERR: 非法操作:js

[ 2017-12-04T16:39:33+08:00 ] ::1 /ecfiber/index.php/Admin/Index/js/app.v2.js
ERR: 非法操作:js

[ 2017-12-04T16:39:33+08:00 ] ::1 /ecfiber/index.php/Admin/Index/js/charts/easypiechart/jquery.easy-pie-chart.js
ERR: 非法操作:js

[ 2017-12-04T16:39:33+08:00 ] ::1 /ecfiber/index.php/Admin/Index/js/charts/sparkline/jquery.sparkline.min.js
ERR: 非法操作:js

[ 2017-12-04T16:39:33+08:00 ] ::1 /ecfiber/index.php/Admin/Index/js/charts/flot/jquery.flot.min.js
ERR: 非法操作:js

[ 2017-12-04T16:39:33+08:00 ] ::1 /ecfiber/index.php/Admin/Index/js/charts/flot/jquery.flot.tooltip.min.js
ERR: 非法操作:js

[ 2017-12-04T16:39:33+08:00 ] ::1 /ecfiber/index.php/Admin/Index/js/charts/flot/jquery.flot.resize.js
ERR: 非法操作:js

[ 2017-12-04T16:39:33+08:00 ] ::1 /ecfiber/index.php/Admin/Index/js/charts/flot/jquery.flot.grow.js
ERR: 非法操作:js

[ 2017-12-04T16:39:33+08:00 ] ::1 /ecfiber/index.php/Admin/Index/js/charts/flot/demo.js
ERR: 非法操作:js

[ 2017-12-04T16:39:33+08:00 ] ::1 /ecfiber/index.php/Admin/Index/js/calendar/bootstrap_calendar.js
ERR: 非法操作:js

[ 2017-12-04T16:39:33+08:00 ] ::1 /ecfiber/index.php/Admin/Index/js/calendar/demo.js
ERR: 非法操作:js

[ 2017-12-04T16:39:33+08:00 ] ::1 /ecfiber/index.php/Admin/Index/js/sortable/jquery.sortable.js
ERR: 非法操作:js

[ 2017-12-04T17:30:15+08:00 ] ::1 /ecfiber/index.php/Admin/Goods/index.html
ERR: 无法加载控制器:Goods

[ 2017-12-04T17:30:51+08:00 ] ::1 /ecfiber/index.php/Admin/Goods/index.html
ERR: 无法加载控制器:Goods

[ 2017-12-04T17:30:52+08:00 ] ::1 /ecfiber/index.php/Admin/Goods/index.html
ERR: 无法加载控制器:Goods

[ 2017-12-04T17:30:54+08:00 ] ::1 /ecfiber/index.php/Admin/Goods/index.html
ERR: 无法加载控制器:Goods

[ 2017-12-04T17:31:06+08:00 ] ::1 /ecfiber/index.php/Admin/Goods/index.html
ERR: 无法加载控制器:Goods

[ 2017-12-04T17:35:28+08:00 ] ::1 /ecfiber/index.php/Admin/Goods/index.html
ERR: 1146:Table 'ecfiber.fibersystem' doesn't exist
 [ SQL语句 ] : SHOW COLUMNS FROM `fibersystem`

[ 2017-12-04T17:55:07+08:00 ] ::1 /ecfiber/index.php/Admin/Goods/index.html
ERR: 1146:Table 'ecfiber.fibersystem' doesn't exist
 [ SQL语句 ] : SHOW COLUMNS FROM `fibersystem`

[ 2017-12-04T18:02:16+08:00 ] ::1 /ecfiber/index.php/Admin/Goods/index.html
ERR: 1146:Table 'ecfiber.fibersystem' doesn't exist
 [ SQL语句 ] : SHOW COLUMNS FROM `fibersystem`

[ 2017-12-04T18:02:17+08:00 ] ::1 /ecfiber/index.php/Admin/Goods/index.html
ERR: 1146:Table 'ecfiber.fibersystem' doesn't exist
 [ SQL语句 ] : SHOW COLUMNS FROM `fibersystem`

[ 2017-12-04T18:02:18+08:00 ] ::1 /ecfiber/index.php/Admin/Goods/index.html
ERR: 1146:Table 'ecfiber.fibersystem' doesn't exist
 [ SQL语句 ] : SHOW COLUMNS FROM `fibersystem`

[ 2017-12-04T18:02:18+08:00 ] ::1 /ecfiber/index.php/Admin/Goods/index.html
ERR: 1146:Table 'ecfiber.fibersystem' doesn't exist
 [ SQL语句 ] : SHOW COLUMNS FROM `fibersystem`

[ 2017-12-04T18:02:18+08:00 ] ::1 /ecfiber/index.php/Admin/Goods/index.html
ERR: 1146:Table 'ecfiber.fibersystem' doesn't exist
 [ SQL语句 ] : SHOW COLUMNS FROM `fibersystem`

[ 2017-12-04T18:02:18+08:00 ] ::1 /ecfiber/index.php/Admin/Goods/index.html
ERR: 1146:Table 'ecfiber.fibersystem' doesn't exist
 [ SQL语句 ] : SHOW COLUMNS FROM `fibersystem`

[ 2017-12-04T18:02:18+08:00 ] ::1 /ecfiber/index.php/Admin/Goods/index.html
ERR: 1146:Table 'ecfiber.fibersystem' doesn't exist
 [ SQL语句 ] : SHOW COLUMNS FROM `fibersystem`

[ 2017-12-04T19:02:55+08:00 ] ::1 /ecfiber/index.php/Admin/Goods/index.html
ERR: 1146:Table 'ecfiber.fibersystem' doesn't exist
 [ SQL语句 ] : SHOW COLUMNS FROM `fibersystem`

[ 2017-12-04T19:02:57+08:00 ] ::1 /ecfiber/index.php/Admin/Goods/index.html
ERR: 1146:Table 'ecfiber.fibersystem' doesn't exist
 [ SQL语句 ] : SHOW COLUMNS FROM `fibersystem`

[ 2017-12-04T19:04:31+08:00 ] ::1 /ecfiber/index.php/Admin/Goods/index.html
ERR: 1146:Table 'ecfiber.fibersystem' doesn't exist
 [ SQL语句 ] : SHOW COLUMNS FROM `fibersystem`

[ 2017-12-04T19:04:33+08:00 ] ::1 /ecfiber/index.php/Admin/Goods/index.html
ERR: 1146:Table 'ecfiber.fibersystem' doesn't exist
 [ SQL语句 ] : SHOW COLUMNS FROM `fibersystem`

[ 2017-12-04T19:04:43+08:00 ] ::1 /ecfiber/index.php/Admin/Goods/index.html
ERR: 1146:Table 'ecfiber.fibersystem' doesn't exist
 [ SQL语句 ] : SHOW COLUMNS FROM `fibersystem`

[ 2017-12-04T19:07:26+08:00 ] ::1 /ecfiber/index.php/Admin/Goods/index.html
ERR: 1146:Table 'ecfiber.fiber_category' doesn't exist
 [ SQL语句 ] : SELECT a.name,a.id,a.category_id,a.thumb,a.on_sale,a.recommend,a.add_time,a.num,a.sorts,a.file FROM fiber_goods a  LEFT  JOIN fiber_category  AS c ON c.id=category_id  ORDER BY a.id desc LIMIT 0,10  

