[ 2017-12-05T08:32:08+08:00 ] ::1 /ecfiber/index.php/Admin/Goods/index.html
ERR: 1054:Unknown column 'a.file' in 'field list'
 [ SQL语句 ] : SELECT a.name,a.id,a.category_id,a.thumb,a.on_sale,a.recommend,a.add_time,a.num,a.sorts,a.file FROM fiber_goods a  LEFT  JOIN fiber_category  AS c ON c.id=category_id  ORDER BY a.id desc LIMIT 0,10  

[ 2017-12-05T08:36:39+08:00 ] ::1 /ecfiber/index.php/Admin/Category/index.html
ERR: 无法加载控制器:Category

[ 2017-12-05T08:37:51+08:00 ] ::1 /ecfiber/index.php/Admin/Category/index.html
ERR: 模板不存在:./Application/Admin/View/Category/index.html

[ 2017-12-05T09:08:57+08:00 ] ::1 /ecfiber/index.php/Admin/News/index.html
ERR: 无法加载控制器:News

[ 2017-12-05T09:20:51+08:00 ] ::1 /ecfiber/index.php/Admin/News/index.html
ERR: 无法加载控制器:News

[ 2017-12-05T09:23:44+08:00 ] ::1 /ecfiber/index.php/Admin/News/index.html
ERR: 1054:Unknown column 'a.clas_id' in 'field list'
 [ SQL语句 ] : SELECT a.id,a.thumb,a.clas_id,a.title,a.time,a.on_sale,a.add_time FROM fiber_news a  LEFT  JOIN fiber_clas  AS c ON c.id=clas_id  ORDER BY a.id desc LIMIT 0,10  

[ 2017-12-05T09:50:02+08:00 ] ::1 /ecfiber/index.php/Admin/Title/index.html
ERR: 无法加载控制器:Title

[ 2017-12-05T09:50:39+08:00 ] ::1 /ecfiber/index.php/Admin/Title/index.html
ERR: 无法加载控制器:Title

[ 2017-12-05T09:50:46+08:00 ] ::1 /ecfiber/index.php/Admin/Banner/index.html
ERR: Too few arguments to function Admin\Model\SystemModel::getSearch(), 5 passed in C:\web\Apache2.4\htdocs\ecfiber\Application\Admin\Controller\BannerController.class.php on line 10 and exactly 9 expected

[ 2017-12-05T09:57:16+08:00 ] ::1 /ecfiber/index.php/Admin/Banner/index.html
ERR: Too few arguments to function Admin\Model\SystemModel::getSearch(), 5 passed in C:\web\Apache2.4\htdocs\ecfiber\Application\Admin\Controller\BannerController.class.php on line 10 and exactly 9 expected

[ 2017-12-05T15:53:49+08:00 ] ::1 /ecfiber/index.php/Admin/Banner/index.html
ERR: Too few arguments to function Admin\Model\SystemModel::getSearch(), 5 passed in C:\web\Apache2.4\htdocs\ecfiber\Application\Admin\Controller\BannerController.class.php on line 10 and exactly 9 expected

[ 2017-12-05T16:15:53+08:00 ] ::1 /ecfiber/index.php/Admin/Banner/index.html
ERR: Too few arguments to function Admin\Model\SystemModel::getSearch(), 5 passed in C:\web\Apache2.4\htdocs\ecfiber\Application\Admin\Controller\BannerController.class.php on line 10 and exactly 9 expected

